<?xml version="1.0" encoding="UTF-8"?>
<testsuite xmlns:xsi="http://www.w3.org/2001/XMLSchema-instance" xsi:noNamespaceSchemaLocation="https://maven.apache.org/surefire/maven-surefire-plugin/xsd/surefire-test-report-3.0.xsd" version="3.0" name="com.auraflow.workerservice.service.WorkerServiceTests" time="15.069" tests="4" errors="0" skipped="0" failures="0">
  <properties>
[...]
</properties>
  <testcase name="benchmarkEventProcessing" classname="com.auraflow.workerservice.service.WorkerServiceTests" time="15.054">
    <system-out><![CDATA[2025-08-20 19:34:24.369  INFO 34812 --- [           main] .b.t.c.SpringBootTestContextBootstrapper : Neither @ContextConfiguration nor @ContextHierarchy found for test class [com.auraflow.workerservice.service.WorkerServiceTests], using SpringBootContextLoader
2025-08-20 19:34:24.370  INFO 34812 --- [           main] o.s.t.c.support.AbstractContextLoader    : Could not detect default resource locations for test class [com.auraflow.workerservice.service.WorkerServiceTests]: no resource found for suffixes {-context.xml, Context.groovy}.
2025-08-20 19:34:24.370  INFO 34812 --- [           main] t.c.s.AnnotationConfigContextLoaderUtils : Could not detect default configuration classes for test class [com.auraflow.workerservice.service.WorkerServiceTests]: WorkerServiceTests does not declare any static, non-private, non-final, nested classes annotated with @Configuration.
2025-08-20 19:34:24.373  INFO 34812 --- [           main] .b.t.c.SpringBootTestContextBootstrapper : Found @SpringBootConfiguration com.auraflow.workerservice.WorkerServiceApplication for test class com.auraflow.workerservice.service.WorkerServiceTests
2025-08-20 19:34:24.374  INFO 34812 --- [           main] .b.t.c.SpringBootTestContextBootstrapper : Loaded default TestExecutionListener class names from location [META-INF/spring.factories]: [org.springframework.boot.test.mock.mockito.MockitoTestExecutionListener, org.springframework.boot.test.mock.mockito.ResetMocksTestExecutionListener, org.springframework.boot.test.autoconfigure.restdocs.RestDocsTestExecutionListener, org.springframework.boot.test.autoconfigure.web.client.MockRestServiceServerResetTestExecutionListener, org.springframework.boot.test.autoconfigure.web.servlet.MockMvcPrintOnlyOnFailureTestExecutionListener, org.springframework.boot.test.autoconfigure.web.servlet.WebDriverTestExecutionListener, org.springframework.boot.test.autoconfigure.webservices.client.MockWebServiceServerTestExecutionListener, org.springframework.test.context.web.ServletTestExecutionListener, org.springframework.test.context.support.DirtiesContextBeforeModesTestExecutionListener, org.springframework.test.context.event.ApplicationEventsTestExecutionListener, org.springframework.test.context.support.DependencyInjectionTestExecutionListener, org.springframework.test.context.support.DirtiesContextTestExecutionListener, org.springframework.test.context.transaction.TransactionalTestExecutionListener, org.springframework.test.context.jdbc.SqlScriptsTestExecutionListener, org.springframework.test.context.event.EventPublishingTestExecutionListener]
2025-08-20 19:34:24.374  INFO 34812 --- [           main] .b.t.c.SpringBootTestContextBootstrapper : Using TestExecutionListeners: [org.springframework.test.context.web.ServletTestExecutionListener@4e756867, org.springframework.test.context.support.DirtiesContextBeforeModesTestExecutionListener@38ebc866, org.springframework.test.context.event.ApplicationEventsTestExecutionListener@6adcf059, org.springframework.boot.test.mock.mockito.MockitoTestExecutionListener@7962a746, org.springframework.boot.test.autoconfigure.SpringBootDependencyInjectionTestExecutionListener@1c31de5d, org.springframework.test.context.support.DirtiesContextTestExecutionListener@7a7f9d45, org.springframework.test.context.event.EventPublishingTestExecutionListener@772cf46b, org.springframework.boot.test.mock.mockito.ResetMocksTestExecutionListener@1b98355f, org.springframework.boot.test.autoconfigure.restdocs.RestDocsTestExecutionListener@949d347, org.springframework.boot.test.autoconfigure.web.client.MockRestServiceServerResetTestExecutionListener@f5ae29e, org.springframework.boot.test.autoconfigure.web.servlet.MockMvcPrintOnlyOnFailureTestExecutionListener@1fc5c0b2, org.springframework.boot.test.autoconfigure.web.servlet.WebDriverTestExecutionListener@45ad3cd8, org.springframework.boot.test.autoconfigure.webservices.client.MockWebServiceServerTestExecutionListener@2b90cc1]
Recorded event in DynamoDB Local: Event #0
Recorded event in DynamoDB Local: Event #1
Recorded event in DynamoDB Local: Event #2
Recorded event in DynamoDB Local: Event #3
Recorded event in DynamoDB Local: Event #4
Recorded event in DynamoDB Local: Event #5
Recorded event in DynamoDB Local: Event #6
Recorded event in DynamoDB Local: Event #7
Recorded event in DynamoDB Local: Event #8
Recorded event in DynamoDB Local: Event #9
Recorded event in DynamoDB Local: Event #10
Recorded event in DynamoDB Local: Event #11
Recorded event in DynamoDB Local: Event #12
Recorded event in DynamoDB Local: Event #13
Recorded event in DynamoDB Local: Event #14
Recorded event in DynamoDB Local: Event #15
Recorded event in DynamoDB Local: Event #16
Recorded event in DynamoDB Local: Event #17
Recorded event in DynamoDB Local: Event #18
Recorded event in DynamoDB Local: Event #19
Recorded event in DynamoDB Local: Event #20
Recorded event in DynamoDB Local: Event #21
Recorded event in DynamoDB Local: Event #22
Recorded event in DynamoDB Local: Event #23
Recorded event in DynamoDB Local: Event #24
Recorded event in DynamoDB Local: Event #25
Recorded event in DynamoDB Local: Event #26
Recorded event in DynamoDB Local: Event #27
Recorded event in DynamoDB Local: Event #28
Recorded event in DynamoDB Local: Event #29
Recorded event in DynamoDB Local: Event #30
Recorded event in DynamoDB Local: Event #31
Recorded event in DynamoDB Local: Event #32
Recorded event in DynamoDB Local: Event #33
Recorded event in DynamoDB Local: Event #34
Recorded event in DynamoDB Local: Event #35
Recorded event in DynamoDB Local: Event #36
Recorded event in DynamoDB Local: Event #37
Recorded event in DynamoDB Local: Event #38
Recorded event in DynamoDB Local: Event #39
Recorded event in DynamoDB Local: Event #40
Recorded event in DynamoDB Local: Event #41
Recorded event in DynamoDB Local: Event #42
Recorded event in DynamoDB Local: Event #43
Recorded event in DynamoDB Local: Event #44
Recorded event in DynamoDB Local: Event #45
Recorded event in DynamoDB Local: Event #46
Recorded event in DynamoDB Local: Event #47
Recorded event in DynamoDB Local: Event #48
Recorded event in DynamoDB Local: Event #49
Recorded event in DynamoDB Local: Event #50
Recorded event in DynamoDB Local: Event #51
Recorded event in DynamoDB Local: Event #52
Recorded event in DynamoDB Local: Event #53
Recorded event in DynamoDB Local: Event #54
Recorded event in DynamoDB Local: Event #55
Recorded event in DynamoDB Local: Event #56
Recorded event in DynamoDB Local: Event #57
Recorded event in DynamoDB Local: Event #58
Recorded event in DynamoDB Local: Event #59
Recorded event in DynamoDB Local: Event #60
Recorded event in DynamoDB Local: Event #61
Recorded event in DynamoDB Local: Event #62
Recorded event in DynamoDB Local: Event #63
Recorded event in DynamoDB Local: Event #64
Recorded event in DynamoDB Local: Event #65
Recorded event in DynamoDB Local: Event #66
Recorded event in DynamoDB Local: Event #67
Recorded event in DynamoDB Local: Event #68
Recorded event in DynamoDB Local: Event #69
Recorded event in DynamoDB Local: Event #70
Recorded event in DynamoDB Local: Event #71
Recorded event in DynamoDB Local: Event #72
Recorded event in DynamoDB Local: Event #73
Recorded event in DynamoDB Local: Event #74
Recorded event in DynamoDB Local: Event #75
Recorded event in DynamoDB Local: Event #76
Recorded event in DynamoDB Local: Event #77
Recorded event in DynamoDB Local: Event #78
Recorded event in DynamoDB Local: Event #79
Recorded event in DynamoDB Local: Event #80
Recorded event in DynamoDB Local: Event #81
Recorded event in DynamoDB Local: Event #82
Recorded event in DynamoDB Local: Event #83
Recorded event in DynamoDB Local: Event #84
Recorded event in DynamoDB Local: Event #85
Recorded event in DynamoDB Local: Event #86
Recorded event in DynamoDB Local: Event #87
Recorded event in DynamoDB Local: Event #88
Recorded event in DynamoDB Local: Event #89
Recorded event in DynamoDB Local: Event #90
Recorded event in DynamoDB Local: Event #91
Recorded event in DynamoDB Local: Event #92
Recorded event in DynamoDB Local: Event #93
Recorded event in DynamoDB Local: Event #94
Recorded event in DynamoDB Local: Event #95
Recorded event in DynamoDB Local: Event #96
Recorded event in DynamoDB Local: Event #97
Recorded event in DynamoDB Local: Event #98
Recorded event in DynamoDB Local: Event #99
Recorded event in DynamoDB Local: Event #100
Recorded event in DynamoDB Local: Event #101
Recorded event in DynamoDB Local: Event #102
Recorded event in DynamoDB Local: Event #103
Recorded event in DynamoDB Local: Event #104
Recorded event in DynamoDB Local: Event #105
Recorded event in DynamoDB Local: Event #106
Recorded event in DynamoDB Local: Event #107
Recorded event in DynamoDB Local: Event #108
Recorded event in DynamoDB Local: Event #109
Recorded event in DynamoDB Local: Event #110
Recorded event in DynamoDB Local: Event #111
Recorded event in DynamoDB Local: Event #112
Recorded event in DynamoDB Local: Event #113
Recorded event in DynamoDB Local: Event #114
Recorded event in DynamoDB Local: Event #115
Recorded event in DynamoDB Local: Event #116
Recorded event in DynamoDB Local: Event #117
Recorded event in DynamoDB Local: Event #118
Recorded event in DynamoDB Local: Event #119
Recorded event in DynamoDB Local: Event #120
Recorded event in DynamoDB Local: Event #121
Recorded event in DynamoDB Local: Event #122
Recorded event in DynamoDB Local: Event #123
Recorded event in DynamoDB Local: Event #124
Recorded event in DynamoDB Local: Event #125
Recorded event in DynamoDB Local: Event #126
Recorded event in DynamoDB Local: Event #127
Recorded event in DynamoDB Local: Event #128
Recorded event in DynamoDB Local: Event #129
Recorded event in DynamoDB Local: Event #130
Recorded event in DynamoDB Local: Event #131
Recorded event in DynamoDB Local: Event #132
Recorded event in DynamoDB Local: Event #133
Recorded event in DynamoDB Local: Event #134
Recorded event in DynamoDB Local: Event #135
Recorded event in DynamoDB Local: Event #136
Recorded event in DynamoDB Local: Event #137
Recorded event in DynamoDB Local: Event #138
Recorded event in DynamoDB Local: Event #139
Recorded event in DynamoDB Local: Event #140
Recorded event in DynamoDB Local: Event #141
Recorded event in DynamoDB Local: Event #142
Recorded event in DynamoDB Local: Event #143
Recorded event in DynamoDB Local: Event #144
Recorded event in DynamoDB Local: Event #145
Recorded event in DynamoDB Local: Event #146
Recorded event in DynamoDB Local: Event #147
Recorded event in DynamoDB Local: Event #148
Recorded event in DynamoDB Local: Event #149
Recorded event in DynamoDB Local: Event #150
Recorded event in DynamoDB Local: Event #151
Recorded event in DynamoDB Local: Event #152
Recorded event in DynamoDB Local: Event #153
Recorded event in DynamoDB Local: Event #154
Recorded event in DynamoDB Local: Event #155
Recorded event in DynamoDB Local: Event #156
Recorded event in DynamoDB Local: Event #157
Recorded event in DynamoDB Local: Event #158
Recorded event in DynamoDB Local: Event #159
Recorded event in DynamoDB Local: Event #160
Recorded event in DynamoDB Local: Event #161
Recorded event in DynamoDB Local: Event #162
Recorded event in DynamoDB Local: Event #163
Recorded event in DynamoDB Local: Event #164
Recorded event in DynamoDB Local: Event #165
Recorded event in DynamoDB Local: Event #166
Recorded event in DynamoDB Local: Event #167
Recorded event in DynamoDB Local: Event #168
Recorded event in DynamoDB Local: Event #169
Recorded event in DynamoDB Local: Event #170
Recorded event in DynamoDB Local: Event #171
Recorded event in DynamoDB Local: Event #172
Recorded event in DynamoDB Local: Event #173
Recorded event in DynamoDB Local: Event #174
Recorded event in DynamoDB Local: Event #175
Recorded event in DynamoDB Local: Event #176
Recorded event in DynamoDB Local: Event #177
Recorded event in DynamoDB Local: Event #178
Recorded event in DynamoDB Local: Event #179
Recorded event in DynamoDB Local: Event #180
Recorded event in DynamoDB Local: Event #181
Recorded event in DynamoDB Local: Event #182
Recorded event in DynamoDB Local: Event #183
Recorded event in DynamoDB Local: Event #184
Recorded event in DynamoDB Local: Event #185
Recorded event in DynamoDB Local: Event #186
Recorded event in DynamoDB Local: Event #187
Recorded event in DynamoDB Local: Event #188
Recorded event in DynamoDB Local: Event #189
Recorded event in DynamoDB Local: Event #190
Recorded event in DynamoDB Local: Event #191
Recorded event in DynamoDB Local: Event #192
Recorded event in DynamoDB Local: Event #193
Recorded event in DynamoDB Local: Event #194
Recorded event in DynamoDB Local: Event #195
Recorded event in DynamoDB Local: Event #196
Recorded event in DynamoDB Local: Event #197
Recorded event in DynamoDB Local: Event #198
Recorded event in DynamoDB Local: Event #199
Recorded event in DynamoDB Local: Event #200
Recorded event in DynamoDB Local: Event #201
Recorded event in DynamoDB Local: Event #202
Recorded event in DynamoDB Local: Event #203
Recorded event in DynamoDB Local: Event #204
Recorded event in DynamoDB Local: Event #205
Recorded event in DynamoDB Local: Event #206
Recorded event in DynamoDB Local: Event #207
Recorded event in DynamoDB Local: Event #208
Recorded event in DynamoDB Local: Event #209
Recorded event in DynamoDB Local: Event #210
Recorded event in DynamoDB Local: Event #211
Recorded event in DynamoDB Local: Event #212
Recorded event in DynamoDB Local: Event #213
Recorded event in DynamoDB Local: Event #214
Recorded event in DynamoDB Local: Event #215
Recorded event in DynamoDB Local: Event #216
Recorded event in DynamoDB Local: Event #217
Recorded event in DynamoDB Local: Event #218
Recorded event in DynamoDB Local: Event #219
Recorded event in DynamoDB Local: Event #220
Recorded event in DynamoDB Local: Event #221
Recorded event in DynamoDB Local: Event #222
Recorded event in DynamoDB Local: Event #223
Recorded event in DynamoDB Local: Event #224
Recorded event in DynamoDB Local: Event #225
Recorded event in DynamoDB Local: Event #226
Recorded event in DynamoDB Local: Event #227
Recorded event in DynamoDB Local: Event #228
Recorded event in DynamoDB Local: Event #229
Recorded event in DynamoDB Local: Event #230
Recorded event in DynamoDB Local: Event #231
Recorded event in DynamoDB Local: Event #232
Recorded event in DynamoDB Local: Event #233
Recorded event in DynamoDB Local: Event #234
Recorded event in DynamoDB Local: Event #235
Recorded event in DynamoDB Local: Event #236
Recorded event in DynamoDB Local: Event #237
Recorded event in DynamoDB Local: Event #238
Recorded event in DynamoDB Local: Event #239
Recorded event in DynamoDB Local: Event #240
Recorded event in DynamoDB Local: Event #241
Recorded event in DynamoDB Local: Event #242
Recorded event in DynamoDB Local: Event #243
Recorded event in DynamoDB Local: Event #244
Recorded event in DynamoDB Local: Event #245
Recorded event in DynamoDB Local: Event #246
Recorded event in DynamoDB Local: Event #247
Recorded event in DynamoDB Local: Event #248
Recorded event in DynamoDB Local: Event #249
Recorded event in DynamoDB Local: Event #250
Recorded event in DynamoDB Local: Event #251
Recorded event in DynamoDB Local: Event #252
Recorded event in DynamoDB Local: Event #253
Recorded event in DynamoDB Local: Event #254
Recorded event in DynamoDB Local: Event #255
Recorded event in DynamoDB Local: Event #256
Recorded event in DynamoDB Local: Event #257
Recorded event in DynamoDB Local: Event #258
Recorded event in DynamoDB Local: Event #259
Recorded event in DynamoDB Local: Event #260
Recorded event in DynamoDB Local: Event #261
Recorded event in DynamoDB Local: Event #262
Recorded event in DynamoDB Local: Event #263
Recorded event in DynamoDB Local: Event #264
Recorded event in DynamoDB Local: Event #265
Recorded event in DynamoDB Local: Event #266
Recorded event in DynamoDB Local: Event #267
Recorded event in DynamoDB Local: Event #268
Recorded event in DynamoDB Local: Event #269
Recorded event in DynamoDB Local: Event #270
Recorded event in DynamoDB Local: Event #271
Recorded event in DynamoDB Local: Event #272
Recorded event in DynamoDB Local: Event #273
Recorded event in DynamoDB Local: Event #274
Recorded event in DynamoDB Local: Event #275
Recorded event in DynamoDB Local: Event #276
Recorded event in DynamoDB Local: Event #277
Recorded event in DynamoDB Local: Event #278
Recorded event in DynamoDB Local: Event #279
Recorded event in DynamoDB Local: Event #280
Recorded event in DynamoDB Local: Event #281
Recorded event in DynamoDB Local: Event #282
Recorded event in DynamoDB Local: Event #283
Recorded event in DynamoDB Local: Event #284
Recorded event in DynamoDB Local: Event #285
Recorded event in DynamoDB Local: Event #286
Recorded event in DynamoDB Local: Event #287
Recorded event in DynamoDB Local: Event #288
Recorded event in DynamoDB Local: Event #289
Recorded event in DynamoDB Local: Event #290
Recorded event in DynamoDB Local: Event #291
Recorded event in DynamoDB Local: Event #292
Recorded event in DynamoDB Local: Event #293
Recorded event in DynamoDB Local: Event #294
Recorded event in DynamoDB Local: Event #295
Recorded event in DynamoDB Local: Event #296
Recorded event in DynamoDB Local: Event #297
Recorded event in DynamoDB Local: Event #298
Recorded event in DynamoDB Local: Event #299
Recorded event in DynamoDB Local: Event #300
Recorded event in DynamoDB Local: Event #301
Recorded event in DynamoDB Local: Event #302
Recorded event in DynamoDB Local: Event #303
Recorded event in DynamoDB Local: Event #304
Recorded event in DynamoDB Local: Event #305
Recorded event in DynamoDB Local: Event #306
Recorded event in DynamoDB Local: Event #307
Recorded event in DynamoDB Local: Event #308
Recorded event in DynamoDB Local: Event #309
Recorded event in DynamoDB Local: Event #310
Recorded event in DynamoDB Local: Event #311
Recorded event in DynamoDB Local: Event #312
Recorded event in DynamoDB Local: Event #313
Recorded event in DynamoDB Local: Event #314
Recorded event in DynamoDB Local: Event #315
Recorded event in DynamoDB Local: Event #316
Recorded event in DynamoDB Local: Event #317
Recorded event in DynamoDB Local: Event #318
Recorded event in DynamoDB Local: Event #319
Recorded event in DynamoDB Local: Event #320
Recorded event in DynamoDB Local: Event #321
Recorded event in DynamoDB Local: Event #322
Recorded event in DynamoDB Local: Event #323
Recorded event in DynamoDB Local: Event #324
Recorded event in DynamoDB Local: Event #325
Recorded event in DynamoDB Local: Event #326
Recorded event in DynamoDB Local: Event #327
Recorded event in DynamoDB Local: Event #328
Recorded event in DynamoDB Local: Event #329
Recorded event in DynamoDB Local: Event #330
Recorded event in DynamoDB Local: Event #331
Recorded event in DynamoDB Local: Event #332
Recorded event in DynamoDB Local: Event #333
Recorded event in DynamoDB Local: Event #334
Recorded event in DynamoDB Local: Event #335
Recorded event in DynamoDB Local: Event #336
Recorded event in DynamoDB Local: Event #337
Recorded event in DynamoDB Local: Event #338
Recorded event in DynamoDB Local: Event #339
Recorded event in DynamoDB Local: Event #340
Recorded event in DynamoDB Local: Event #341
Recorded event in DynamoDB Local: Event #342
Recorded event in DynamoDB Local: Event #343
Recorded event in DynamoDB Local: Event #344
Recorded event in DynamoDB Local: Event #345
Recorded event in DynamoDB Local: Event #346
Recorded event in DynamoDB Local: Event #347
Recorded event in DynamoDB Local: Event #348
Recorded event in DynamoDB Local: Event #349
Recorded event in DynamoDB Local: Event #350
Recorded event in DynamoDB Local: Event #351
Recorded event in DynamoDB Local: Event #352
Recorded event in DynamoDB Local: Event #353
Recorded event in DynamoDB Local: Event #354
Recorded event in DynamoDB Local: Event #355
Recorded event in DynamoDB Local: Event #356
Recorded event in DynamoDB Local: Event #357
Recorded event in DynamoDB Local: Event #358
Recorded event in DynamoDB Local: Event #359
Recorded event in DynamoDB Local: Event #360
Recorded event in DynamoDB Local: Event #361
Recorded event in DynamoDB Local: Event #362
Recorded event in DynamoDB Local: Event #363
Recorded event in DynamoDB Local: Event #364
Recorded event in DynamoDB Local: Event #365
Recorded event in DynamoDB Local: Event #366
Recorded event in DynamoDB Local: Event #367
Recorded event in DynamoDB Local: Event #368
Recorded event in DynamoDB Local: Event #369
Recorded event in DynamoDB Local: Event #370
Recorded event in DynamoDB Local: Event #371
Recorded event in DynamoDB Local: Event #372
Recorded event in DynamoDB Local: Event #373
Recorded event in DynamoDB Local: Event #374
Recorded event in DynamoDB Local: Event #375
Recorded event in DynamoDB Local: Event #376
Recorded event in DynamoDB Local: Event #377
Recorded event in DynamoDB Local: Event #378
Recorded event in DynamoDB Local: Event #379
Recorded event in DynamoDB Local: Event #380
Recorded event in DynamoDB Local: Event #381
Recorded event in DynamoDB Local: Event #382
Recorded event in DynamoDB Local: Event #383
Recorded event in DynamoDB Local: Event #384
Recorded event in DynamoDB Local: Event #385
Recorded event in DynamoDB Local: Event #386
Recorded event in DynamoDB Local: Event #387
Recorded event in DynamoDB Local: Event #388
Recorded event in DynamoDB Local: Event #389
Recorded event in DynamoDB Local: Event #390
Recorded event in DynamoDB Local: Event #391
Recorded event in DynamoDB Local: Event #392
Recorded event in DynamoDB Local: Event #393
Recorded event in DynamoDB Local: Event #394
Recorded event in DynamoDB Local: Event #395
Recorded event in DynamoDB Local: Event #396
Recorded event in DynamoDB Local: Event #397
Recorded event in DynamoDB Local: Event #398
Recorded event in DynamoDB Local: Event #399
Recorded event in DynamoDB Local: Event #400
Recorded event in DynamoDB Local: Event #401
Recorded event in DynamoDB Local: Event #402
Recorded event in DynamoDB Local: Event #403
Recorded event in DynamoDB Local: Event #404
Recorded event in DynamoDB Local: Event #405
Recorded event in DynamoDB Local: Event #406
Recorded event in DynamoDB Local: Event #407
Recorded event in DynamoDB Local: Event #408
Recorded event in DynamoDB Local: Event #409
Recorded event in DynamoDB Local: Event #410
Recorded event in DynamoDB Local: Event #411
Recorded event in DynamoDB Local: Event #412
Recorded event in DynamoDB Local: Event #413
Recorded event in DynamoDB Local: Event #414
Recorded event in DynamoDB Local: Event #415
Recorded event in DynamoDB Local: Event #416
Recorded event in DynamoDB Local: Event #417
Recorded event in DynamoDB Local: Event #418
Recorded event in DynamoDB Local: Event #419
Recorded event in DynamoDB Local: Event #420
Recorded event in DynamoDB Local: Event #421
Recorded event in DynamoDB Local: Event #422
Recorded event in DynamoDB Local: Event #423
Recorded event in DynamoDB Local: Event #424
Recorded event in DynamoDB Local: Event #425
Recorded event in DynamoDB Local: Event #426
Recorded event in DynamoDB Local: Event #427
Recorded event in DynamoDB Local: Event #428
Recorded event in DynamoDB Local: Event #429
Recorded event in DynamoDB Local: Event #430
Recorded event in DynamoDB Local: Event #431
Recorded event in DynamoDB Local: Event #432
Recorded event in DynamoDB Local: Event #433
Recorded event in DynamoDB Local: Event #434
Recorded event in DynamoDB Local: Event #435
Recorded event in DynamoDB Local: Event #436
Recorded event in DynamoDB Local: Event #437
Recorded event in DynamoDB Local: Event #438
Recorded event in DynamoDB Local: Event #439
Recorded event in DynamoDB Local: Event #440
Recorded event in DynamoDB Local: Event #441
Recorded event in DynamoDB Local: Event #442
Recorded event in DynamoDB Local: Event #443
Recorded event in DynamoDB Local: Event #444
Recorded event in DynamoDB Local: Event #445
Recorded event in DynamoDB Local: Event #446
Recorded event in DynamoDB Local: Event #447
Recorded event in DynamoDB Local: Event #448
Recorded event in DynamoDB Local: Event #449
Recorded event in DynamoDB Local: Event #450
Recorded event in DynamoDB Local: Event #451
Recorded event in DynamoDB Local: Event #452
Recorded event in DynamoDB Local: Event #453
Recorded event in DynamoDB Local: Event #454
Recorded event in DynamoDB Local: Event #455
Recorded event in DynamoDB Local: Event #456
Recorded event in DynamoDB Local: Event #457
Recorded event in DynamoDB Local: Event #458
Recorded event in DynamoDB Local: Event #459
Recorded event in DynamoDB Local: Event #460
Recorded event in DynamoDB Local: Event #461
Recorded event in DynamoDB Local: Event #462
Recorded event in DynamoDB Local: Event #463
Recorded event in DynamoDB Local: Event #464
Recorded event in DynamoDB Local: Event #465
Recorded event in DynamoDB Local: Event #466
Recorded event in DynamoDB Local: Event #467
Recorded event in DynamoDB Local: Event #468
Recorded event in DynamoDB Local: Event #469
Recorded event in DynamoDB Local: Event #470
Recorded event in DynamoDB Local: Event #471
Recorded event in DynamoDB Local: Event #472
Recorded event in DynamoDB Local: Event #473
Recorded event in DynamoDB Local: Event #474
Recorded event in DynamoDB Local: Event #475
Recorded event in DynamoDB Local: Event #476
Recorded event in DynamoDB Local: Event #477
Recorded event in DynamoDB Local: Event #478
Recorded event in DynamoDB Local: Event #479
Recorded event in DynamoDB Local: Event #480
Recorded event in DynamoDB Local: Event #481
Recorded event in DynamoDB Local: Event #482
Recorded event in DynamoDB Local: Event #483
Recorded event in DynamoDB Local: Event #484
Recorded event in DynamoDB Local: Event #485
Recorded event in DynamoDB Local: Event #486
Recorded event in DynamoDB Local: Event #487
Recorded event in DynamoDB Local: Event #488
Recorded event in DynamoDB Local: Event #489
Recorded event in DynamoDB Local: Event #490
Recorded event in DynamoDB Local: Event #491
Recorded event in DynamoDB Local: Event #492
Recorded event in DynamoDB Local: Event #493
Recorded event in DynamoDB Local: Event #494
Recorded event in DynamoDB Local: Event #495
Recorded event in DynamoDB Local: Event #496
Recorded event in DynamoDB Local: Event #497
Recorded event in DynamoDB Local: Event #498
Recorded event in DynamoDB Local: Event #499
Recorded event in DynamoDB Local: Event #500
Recorded event in DynamoDB Local: Event #501
Recorded event in DynamoDB Local: Event #502
Recorded event in DynamoDB Local: Event #503
Recorded event in DynamoDB Local: Event #504
Recorded event in DynamoDB Local: Event #505
Recorded event in DynamoDB Local: Event #506
Recorded event in DynamoDB Local: Event #507
Recorded event in DynamoDB Local: Event #508
Recorded event in DynamoDB Local: Event #509
Recorded event in DynamoDB Local: Event #510
Recorded event in DynamoDB Local: Event #511
Recorded event in DynamoDB Local: Event #512
Recorded event in DynamoDB Local: Event #513
Recorded event in DynamoDB Local: Event #514
Recorded event in DynamoDB Local: Event #515
Recorded event in DynamoDB Local: Event #516
Recorded event in DynamoDB Local: Event #517
Recorded event in DynamoDB Local: Event #518
Recorded event in DynamoDB Local: Event #519
Recorded event in DynamoDB Local: Event #520
Recorded event in DynamoDB Local: Event #521
Recorded event in DynamoDB Local: Event #522
Recorded event in DynamoDB Local: Event #523
Recorded event in DynamoDB Local: Event #524
Recorded event in DynamoDB Local: Event #525
Recorded event in DynamoDB Local: Event #526
Recorded event in DynamoDB Local: Event #527
Recorded event in DynamoDB Local: Event #528
Recorded event in DynamoDB Local: Event #529
Recorded event in DynamoDB Local: Event #530
Recorded event in DynamoDB Local: Event #531
Recorded event in DynamoDB Local: Event #532
Recorded event in DynamoDB Local: Event #533
Recorded event in DynamoDB Local: Event #534
Recorded event in DynamoDB Local: Event #535
Recorded event in DynamoDB Local: Event #536
Recorded event in DynamoDB Local: Event #537
Recorded event in DynamoDB Local: Event #538
Recorded event in DynamoDB Local: Event #539
Recorded event in DynamoDB Local: Event #540
Recorded event in DynamoDB Local: Event #541
Recorded event in DynamoDB Local: Event #542
Recorded event in DynamoDB Local: Event #543
Recorded event in DynamoDB Local: Event #544
Recorded event in DynamoDB Local: Event #545
Recorded event in DynamoDB Local: Event #546
Recorded event in DynamoDB Local: Event #547
Recorded event in DynamoDB Local: Event #548
Recorded event in DynamoDB Local: Event #549
Recorded event in DynamoDB Local: Event #550
Recorded event in DynamoDB Local: Event #551
Recorded event in DynamoDB Local: Event #552
Recorded event in DynamoDB Local: Event #553
Recorded event in DynamoDB Local: Event #554
Recorded event in DynamoDB Local: Event #555
Recorded event in DynamoDB Local: Event #556
Recorded event in DynamoDB Local: Event #557
Recorded event in DynamoDB Local: Event #558
Recorded event in DynamoDB Local: Event #559
Recorded event in DynamoDB Local: Event #560
Recorded event in DynamoDB Local: Event #561
Recorded event in DynamoDB Local: Event #562
Recorded event in DynamoDB Local: Event #563
Recorded event in DynamoDB Local: Event #564
Recorded event in DynamoDB Local: Event #565
Recorded event in DynamoDB Local: Event #566
Recorded event in DynamoDB Local: Event #567
Recorded event in DynamoDB Local: Event #568
Recorded event in DynamoDB Local: Event #569
Recorded event in DynamoDB Local: Event #570
Recorded event in DynamoDB Local: Event #571
Recorded event in DynamoDB Local: Event #572
Recorded event in DynamoDB Local: Event #573
Recorded event in DynamoDB Local: Event #574
Recorded event in DynamoDB Local: Event #575
Recorded event in DynamoDB Local: Event #576
Recorded event in DynamoDB Local: Event #577
Recorded event in DynamoDB Local: Event #578
Recorded event in DynamoDB Local: Event #579
Recorded event in DynamoDB Local: Event #580
Recorded event in DynamoDB Local: Event #581
Recorded event in DynamoDB Local: Event #582
Recorded event in DynamoDB Local: Event #583
Recorded event in DynamoDB Local: Event #584
Recorded event in DynamoDB Local: Event #585
Recorded event in DynamoDB Local: Event #586
Recorded event in DynamoDB Local: Event #587
Recorded event in DynamoDB Local: Event #588
Recorded event in DynamoDB Local: Event #589
Recorded event in DynamoDB Local: Event #590
Recorded event in DynamoDB Local: Event #591
Recorded event in DynamoDB Local: Event #592
Recorded event in DynamoDB Local: Event #593
Recorded event in DynamoDB Local: Event #594
Recorded event in DynamoDB Local: Event #595
Recorded event in DynamoDB Local: Event #596
Recorded event in DynamoDB Local: Event #597
Recorded event in DynamoDB Local: Event #598
Recorded event in DynamoDB Local: Event #599
Recorded event in DynamoDB Local: Event #600
Recorded event in DynamoDB Local: Event #601
Recorded event in DynamoDB Local: Event #602
Recorded event in DynamoDB Local: Event #603
Recorded event in DynamoDB Local: Event #604
Recorded event in DynamoDB Local: Event #605
Recorded event in DynamoDB Local: Event #606
Recorded event in DynamoDB Local: Event #607
Recorded event in DynamoDB Local: Event #608
Recorded event in DynamoDB Local: Event #609
Recorded event in DynamoDB Local: Event #610
Recorded event in DynamoDB Local: Event #611
Recorded event in DynamoDB Local: Event #612
Recorded event in DynamoDB Local: Event #613
Recorded event in DynamoDB Local: Event #614
Recorded event in DynamoDB Local: Event #615
Recorded event in DynamoDB Local: Event #616
Recorded event in DynamoDB Local: Event #617
Recorded event in DynamoDB Local: Event #618
Recorded event in DynamoDB Local: Event #619
Recorded event in DynamoDB Local: Event #620
Recorded event in DynamoDB Local: Event #621
Recorded event in DynamoDB Local: Event #622
Recorded event in DynamoDB Local: Event #623
Recorded event in DynamoDB Local: Event #624
Recorded event in DynamoDB Local: Event #625
Recorded event in DynamoDB Local: Event #626
Recorded event in DynamoDB Local: Event #627
Recorded event in DynamoDB Local: Event #628
Recorded event in DynamoDB Local: Event #629
Recorded event in DynamoDB Local: Event #630
Recorded event in DynamoDB Local: Event #631
Recorded event in DynamoDB Local: Event #632
Recorded event in DynamoDB Local: Event #633
Recorded event in DynamoDB Local: Event #634
Recorded event in DynamoDB Local: Event #635
Recorded event in DynamoDB Local: Event #636
Recorded event in DynamoDB Local: Event #637
Recorded event in DynamoDB Local: Event #638
Recorded event in DynamoDB Local: Event #639
Recorded event in DynamoDB Local: Event #640
Recorded event in DynamoDB Local: Event #641
Recorded event in DynamoDB Local: Event #642
Recorded event in DynamoDB Local: Event #643
Recorded event in DynamoDB Local: Event #644
Recorded event in DynamoDB Local: Event #645
Recorded event in DynamoDB Local: Event #646
Recorded event in DynamoDB Local: Event #647
Recorded event in DynamoDB Local: Event #648
Recorded event in DynamoDB Local: Event #649
Recorded event in DynamoDB Local: Event #650
Recorded event in DynamoDB Local: Event #651
Recorded event in DynamoDB Local: Event #652
Recorded event in DynamoDB Local: Event #653
Recorded event in DynamoDB Local: Event #654
Recorded event in DynamoDB Local: Event #655
Recorded event in DynamoDB Local: Event #656
Recorded event in DynamoDB Local: Event #657
Recorded event in DynamoDB Local: Event #658
Recorded event in DynamoDB Local: Event #659
Recorded event in DynamoDB Local: Event #660
Recorded event in DynamoDB Local: Event #661
Recorded event in DynamoDB Local: Event #662
Recorded event in DynamoDB Local: Event #663
Recorded event in DynamoDB Local: Event #664
Recorded event in DynamoDB Local: Event #665
Recorded event in DynamoDB Local: Event #666
Recorded event in DynamoDB Local: Event #667
Recorded event in DynamoDB Local: Event #668
Recorded event in DynamoDB Local: Event #669
Recorded event in DynamoDB Local: Event #670
Recorded event in DynamoDB Local: Event #671
Recorded event in DynamoDB Local: Event #672
Recorded event in DynamoDB Local: Event #673
Recorded event in DynamoDB Local: Event #674
Recorded event in DynamoDB Local: Event #675
Recorded event in DynamoDB Local: Event #676
Recorded event in DynamoDB Local: Event #677
Recorded event in DynamoDB Local: Event #678
Recorded event in DynamoDB Local: Event #679
Recorded event in DynamoDB Local: Event #680
Recorded event in DynamoDB Local: Event #681
Recorded event in DynamoDB Local: Event #682
Recorded event in DynamoDB Local: Event #683
Recorded event in DynamoDB Local: Event #684
Recorded event in DynamoDB Local: Event #685
Recorded event in DynamoDB Local: Event #686
Recorded event in DynamoDB Local: Event #687
Recorded event in DynamoDB Local: Event #688
Recorded event in DynamoDB Local: Event #689
Recorded event in DynamoDB Local: Event #690
Recorded event in DynamoDB Local: Event #691
Recorded event in DynamoDB Local: Event #692
Recorded event in DynamoDB Local: Event #693
Recorded event in DynamoDB Local: Event #694
Recorded event in DynamoDB Local: Event #695
Recorded event in DynamoDB Local: Event #696
Recorded event in DynamoDB Local: Event #697
Recorded event in DynamoDB Local: Event #698
Recorded event in DynamoDB Local: Event #699
Recorded event in DynamoDB Local: Event #700
Recorded event in DynamoDB Local: Event #701
Recorded event in DynamoDB Local: Event #702
Recorded event in DynamoDB Local: Event #703
Recorded event in DynamoDB Local: Event #704
Recorded event in DynamoDB Local: Event #705
Recorded event in DynamoDB Local: Event #706
Recorded event in DynamoDB Local: Event #707
Recorded event in DynamoDB Local: Event #708
Recorded event in DynamoDB Local: Event #709
Recorded event in DynamoDB Local: Event #710
Recorded event in DynamoDB Local: Event #711
Recorded event in DynamoDB Local: Event #712
Recorded event in DynamoDB Local: Event #713
Recorded event in DynamoDB Local: Event #714
Recorded event in DynamoDB Local: Event #715
Recorded event in DynamoDB Local: Event #716
Recorded event in DynamoDB Local: Event #717
Recorded event in DynamoDB Local: Event #718
Recorded event in DynamoDB Local: Event #719
Recorded event in DynamoDB Local: Event #720
Recorded event in DynamoDB Local: Event #721
Recorded event in DynamoDB Local: Event #722
Recorded event in DynamoDB Local: Event #723
Recorded event in DynamoDB Local: Event #724
Recorded event in DynamoDB Local: Event #725
Recorded event in DynamoDB Local: Event #726
Recorded event in DynamoDB Local: Event #727
Recorded event in DynamoDB Local: Event #728
Recorded event in DynamoDB Local: Event #729
Recorded event in DynamoDB Local: Event #730
Recorded event in DynamoDB Local: Event #731
Recorded event in DynamoDB Local: Event #732
Recorded event in DynamoDB Local: Event #733
Recorded event in DynamoDB Local: Event #734
Recorded event in DynamoDB Local: Event #735
Recorded event in DynamoDB Local: Event #736
Recorded event in DynamoDB Local: Event #737
Recorded event in DynamoDB Local: Event #738
Recorded event in DynamoDB Local: Event #739
Recorded event in DynamoDB Local: Event #740
Recorded event in DynamoDB Local: Event #741
Recorded event in DynamoDB Local: Event #742
Recorded event in DynamoDB Local: Event #743
Recorded event in DynamoDB Local: Event #744
Recorded event in DynamoDB Local: Event #745
Recorded event in DynamoDB Local: Event #746
Recorded event in DynamoDB Local: Event #747
Recorded event in DynamoDB Local: Event #748
Recorded event in DynamoDB Local: Event #749
Recorded event in DynamoDB Local: Event #750
Recorded event in DynamoDB Local: Event #751
Recorded event in DynamoDB Local: Event #752
Recorded event in DynamoDB Local: Event #753
Recorded event in DynamoDB Local: Event #754
Recorded event in DynamoDB Local: Event #755
Recorded event in DynamoDB Local: Event #756
Recorded event in DynamoDB Local: Event #757
Recorded event in DynamoDB Local: Event #758
Recorded event in DynamoDB Local: Event #759
Recorded event in DynamoDB Local: Event #760
Recorded event in DynamoDB Local: Event #761
Recorded event in DynamoDB Local: Event #762
Recorded event in DynamoDB Local: Event #763
Recorded event in DynamoDB Local: Event #764
Recorded event in DynamoDB Local: Event #765
Recorded event in DynamoDB Local: Event #766
Recorded event in DynamoDB Local: Event #767
Recorded event in DynamoDB Local: Event #768
Recorded event in DynamoDB Local: Event #769
Recorded event in DynamoDB Local: Event #770
Recorded event in DynamoDB Local: Event #771
Recorded event in DynamoDB Local: Event #772
Recorded event in DynamoDB Local: Event #773
Recorded event in DynamoDB Local: Event #774
Recorded event in DynamoDB Local: Event #775
Recorded event in DynamoDB Local: Event #776
Recorded event in DynamoDB Local: Event #777
Recorded event in DynamoDB Local: Event #778
Recorded event in DynamoDB Local: Event #779
Recorded event in DynamoDB Local: Event #780
Recorded event in DynamoDB Local: Event #781
Recorded event in DynamoDB Local: Event #782
Recorded event in DynamoDB Local: Event #783
Recorded event in DynamoDB Local: Event #784
Recorded event in DynamoDB Local: Event #785
Recorded event in DynamoDB Local: Event #786
Recorded event in DynamoDB Local: Event #787
Recorded event in DynamoDB Local: Event #788
Recorded event in DynamoDB Local: Event #789
Recorded event in DynamoDB Local: Event #790
Recorded event in DynamoDB Local: Event #791
Recorded event in DynamoDB Local: Event #792
Recorded event in DynamoDB Local: Event #793
Recorded event in DynamoDB Local: Event #794
Recorded event in DynamoDB Local: Event #795
Recorded event in DynamoDB Local: Event #796
Recorded event in DynamoDB Local: Event #797
Recorded event in DynamoDB Local: Event #798
Recorded event in DynamoDB Local: Event #799
Recorded event in DynamoDB Local: Event #800
Recorded event in DynamoDB Local: Event #801
Recorded event in DynamoDB Local: Event #802
Recorded event in DynamoDB Local: Event #803
Recorded event in DynamoDB Local: Event #804
Recorded event in DynamoDB Local: Event #805
Recorded event in DynamoDB Local: Event #806
Recorded event in DynamoDB Local: Event #807
Recorded event in DynamoDB Local: Event #808
Recorded event in DynamoDB Local: Event #809
Recorded event in DynamoDB Local: Event #810
Recorded event in DynamoDB Local: Event #811
Recorded event in DynamoDB Local: Event #812
Recorded event in DynamoDB Local: Event #813
Recorded event in DynamoDB Local: Event #814
Recorded event in DynamoDB Local: Event #815
Recorded event in DynamoDB Local: Event #816
Recorded event in DynamoDB Local: Event #817
Recorded event in DynamoDB Local: Event #818
Recorded event in DynamoDB Local: Event #819
Recorded event in DynamoDB Local: Event #820
Recorded event in DynamoDB Local: Event #821
Recorded event in DynamoDB Local: Event #822
Recorded event in DynamoDB Local: Event #823
Recorded event in DynamoDB Local: Event #824
Recorded event in DynamoDB Local: Event #825
Recorded event in DynamoDB Local: Event #826
Recorded event in DynamoDB Local: Event #827
Recorded event in DynamoDB Local: Event #828
Recorded event in DynamoDB Local: Event #829
Recorded event in DynamoDB Local: Event #830
Recorded event in DynamoDB Local: Event #831
Recorded event in DynamoDB Local: Event #832
Recorded event in DynamoDB Local: Event #833
Recorded event in DynamoDB Local: Event #834
Recorded event in DynamoDB Local: Event #835
Recorded event in DynamoDB Local: Event #836
Recorded event in DynamoDB Local: Event #837
Recorded event in DynamoDB Local: Event #838
Recorded event in DynamoDB Local: Event #839
Recorded event in DynamoDB Local: Event #840
Recorded event in DynamoDB Local: Event #841
Recorded event in DynamoDB Local: Event #842
Recorded event in DynamoDB Local: Event #843
Recorded event in DynamoDB Local: Event #844
Recorded event in DynamoDB Local: Event #845
Recorded event in DynamoDB Local: Event #846
Recorded event in DynamoDB Local: Event #847
Recorded event in DynamoDB Local: Event #848
Recorded event in DynamoDB Local: Event #849
Recorded event in DynamoDB Local: Event #850
Recorded event in DynamoDB Local: Event #851
Recorded event in DynamoDB Local: Event #852
Recorded event in DynamoDB Local: Event #853
Recorded event in DynamoDB Local: Event #854
Recorded event in DynamoDB Local: Event #855
Recorded event in DynamoDB Local: Event #856
Recorded event in DynamoDB Local: Event #857
Recorded event in DynamoDB Local: Event #858
Recorded event in DynamoDB Local: Event #859
Recorded event in DynamoDB Local: Event #860
Recorded event in DynamoDB Local: Event #861
Recorded event in DynamoDB Local: Event #862
Recorded event in DynamoDB Local: Event #863
Recorded event in DynamoDB Local: Event #864
Recorded event in DynamoDB Local: Event #865
Recorded event in DynamoDB Local: Event #866
Recorded event in DynamoDB Local: Event #867
Recorded event in DynamoDB Local: Event #868
Recorded event in DynamoDB Local: Event #869
Recorded event in DynamoDB Local: Event #870
Recorded event in DynamoDB Local: Event #871
Recorded event in DynamoDB Local: Event #872
Recorded event in DynamoDB Local: Event #873
Recorded event in DynamoDB Local: Event #874
Recorded event in DynamoDB Local: Event #875
Recorded event in DynamoDB Local: Event #876
Recorded event in DynamoDB Local: Event #877
Recorded event in DynamoDB Local: Event #878
Recorded event in DynamoDB Local: Event #879
Recorded event in DynamoDB Local: Event #880
Recorded event in DynamoDB Local: Event #881
Recorded event in DynamoDB Local: Event #882
Recorded event in DynamoDB Local: Event #883
Recorded event in DynamoDB Local: Event #884
Recorded event in DynamoDB Local: Event #885
Recorded event in DynamoDB Local: Event #886
Recorded event in DynamoDB Local: Event #887
Recorded event in DynamoDB Local: Event #888
Recorded event in DynamoDB Local: Event #889
Recorded event in DynamoDB Local: Event #890
Recorded event in DynamoDB Local: Event #891
Recorded event in DynamoDB Local: Event #892
Recorded event in DynamoDB Local: Event #893
Recorded event in DynamoDB Local: Event #894
Recorded event in DynamoDB Local: Event #895
Recorded event in DynamoDB Local: Event #896
Recorded event in DynamoDB Local: Event #897
Recorded event in DynamoDB Local: Event #898
Recorded event in DynamoDB Local: Event #899
Recorded event in DynamoDB Local: Event #900
Recorded event in DynamoDB Local: Event #901
Recorded event in DynamoDB Local: Event #902
Recorded event in DynamoDB Local: Event #903
Recorded event in DynamoDB Local: Event #904
Recorded event in DynamoDB Local: Event #905
Recorded event in DynamoDB Local: Event #906
Recorded event in DynamoDB Local: Event #907
Recorded event in DynamoDB Local: Event #908
Recorded event in DynamoDB Local: Event #909
Recorded event in DynamoDB Local: Event #910
Recorded event in DynamoDB Local: Event #911
Recorded event in DynamoDB Local: Event #912
Recorded event in DynamoDB Local: Event #913
Recorded event in DynamoDB Local: Event #914
Recorded event in DynamoDB Local: Event #915
Recorded event in DynamoDB Local: Event #916
Recorded event in DynamoDB Local: Event #917
Recorded event in DynamoDB Local: Event #918
Recorded event in DynamoDB Local: Event #919
Recorded event in DynamoDB Local: Event #920
Recorded event in DynamoDB Local: Event #921
Recorded event in DynamoDB Local: Event #922
Recorded event in DynamoDB Local: Event #923
Recorded event in DynamoDB Local: Event #924
Recorded event in DynamoDB Local: Event #925
Recorded event in DynamoDB Local: Event #926
Recorded event in DynamoDB Local: Event #927
Recorded event in DynamoDB Local: Event #928
Recorded event in DynamoDB Local: Event #929
Recorded event in DynamoDB Local: Event #930
Recorded event in DynamoDB Local: Event #931
Recorded event in DynamoDB Local: Event #932
Recorded event in DynamoDB Local: Event #933
Recorded event in DynamoDB Local: Event #934
Recorded event in DynamoDB Local: Event #935
Recorded event in DynamoDB Local: Event #936
Recorded event in DynamoDB Local: Event #937
Recorded event in DynamoDB Local: Event #938
Recorded event in DynamoDB Local: Event #939
Recorded event in DynamoDB Local: Event #940
Recorded event in DynamoDB Local: Event #941
Recorded event in DynamoDB Local: Event #942
Recorded event in DynamoDB Local: Event #943
Recorded event in DynamoDB Local: Event #944
Recorded event in DynamoDB Local: Event #945
Recorded event in DynamoDB Local: Event #946
Recorded event in DynamoDB Local: Event #947
Recorded event in DynamoDB Local: Event #948
Recorded event in DynamoDB Local: Event #949
Recorded event in DynamoDB Local: Event #950
Recorded event in DynamoDB Local: Event #951
Recorded event in DynamoDB Local: Event #952
Recorded event in DynamoDB Local: Event #953
Recorded event in DynamoDB Local: Event #954
Recorded event in DynamoDB Local: Event #955
Recorded event in DynamoDB Local: Event #956
Recorded event in DynamoDB Local: Event #957
Recorded event in DynamoDB Local: Event #958
Recorded event in DynamoDB Local: Event #959
Recorded event in DynamoDB Local: Event #960
Recorded event in DynamoDB Local: Event #961
Recorded event in DynamoDB Local: Event #962
Recorded event in DynamoDB Local: Event #963
Recorded event in DynamoDB Local: Event #964
Recorded event in DynamoDB Local: Event #965
Recorded event in DynamoDB Local: Event #966
Recorded event in DynamoDB Local: Event #967
Recorded event in DynamoDB Local: Event #968
Recorded event in DynamoDB Local: Event #969
Recorded event in DynamoDB Local: Event #970
Recorded event in DynamoDB Local: Event #971
Recorded event in DynamoDB Local: Event #972
Recorded event in DynamoDB Local: Event #973
Recorded event in DynamoDB Local: Event #974
Recorded event in DynamoDB Local: Event #975
Recorded event in DynamoDB Local: Event #976
Recorded event in DynamoDB Local: Event #977
Recorded event in DynamoDB Local: Event #978
Recorded event in DynamoDB Local: Event #979
Recorded event in DynamoDB Local: Event #980
Recorded event in DynamoDB Local: Event #981
Recorded event in DynamoDB Local: Event #982
Recorded event in DynamoDB Local: Event #983
Recorded event in DynamoDB Local: Event #984
Recorded event in DynamoDB Local: Event #985
Recorded event in DynamoDB Local: Event #986
Recorded event in DynamoDB Local: Event #987
Recorded event in DynamoDB Local: Event #988
Recorded event in DynamoDB Local: Event #989
Recorded event in DynamoDB Local: Event #990
Recorded event in DynamoDB Local: Event #991
Recorded event in DynamoDB Local: Event #992
Recorded event in DynamoDB Local: Event #993
Recorded event in DynamoDB Local: Event #994
Recorded event in DynamoDB Local: Event #995
Recorded event in DynamoDB Local: Event #996
Recorded event in DynamoDB Local: Event #997
Recorded event in DynamoDB Local: Event #998
Recorded event in DynamoDB Local: Event #999
Recorded event in DynamoDB Local: Event #1000
Recorded event in DynamoDB Local: Event #1001
Recorded event in DynamoDB Local: Event #1002
Recorded event in DynamoDB Local: Event #1003
Recorded event in DynamoDB Local: Event #1004
Recorded event in DynamoDB Local: Event #1005
Recorded event in DynamoDB Local: Event #1006
Recorded event in DynamoDB Local: Event #1007
Recorded event in DynamoDB Local: Event #1008
Recorded event in DynamoDB Local: Event #1009
Recorded event in DynamoDB Local: Event #1010
Recorded event in DynamoDB Local: Event #1011
Recorded event in DynamoDB Local: Event #1012
Recorded event in DynamoDB Local: Event #1013
Recorded event in DynamoDB Local: Event #1014
Recorded event in DynamoDB Local: Event #1015
Recorded event in DynamoDB Local: Event #1016
Recorded event in DynamoDB Local: Event #1017
Recorded event in DynamoDB Local: Event #1018
Recorded event in DynamoDB Local: Event #1019
Recorded event in DynamoDB Local: Event #1020
Recorded event in DynamoDB Local: Event #1021
Recorded event in DynamoDB Local: Event #1022
Recorded event in DynamoDB Local: Event #1023
Recorded event in DynamoDB Local: Event #1024
Recorded event in DynamoDB Local: Event #1025
Recorded event in DynamoDB Local: Event #1026
Recorded event in DynamoDB Local: Event #1027
Recorded event in DynamoDB Local: Event #1028
Recorded event in DynamoDB Local: Event #1029
Recorded event in DynamoDB Local: Event #1030
Recorded event in DynamoDB Local: Event #1031
Recorded event in DynamoDB Local: Event #1032
Recorded event in DynamoDB Local: Event #1033
Recorded event in DynamoDB Local: Event #1034
Recorded event in DynamoDB Local: Event #1035
Recorded event in DynamoDB Local: Event #1036
Recorded event in DynamoDB Local: Event #1037
Recorded event in DynamoDB Local: Event #1038
Recorded event in DynamoDB Local: Event #1039
Recorded event in DynamoDB Local: Event #1040
Recorded event in DynamoDB Local: Event #1041
Recorded event in DynamoDB Local: Event #1042
Recorded event in DynamoDB Local: Event #1043
Recorded event in DynamoDB Local: Event #1044
Recorded event in DynamoDB Local: Event #1045
Recorded event in DynamoDB Local: Event #1046
Recorded event in DynamoDB Local: Event #1047
Recorded event in DynamoDB Local: Event #1048
Recorded event in DynamoDB Local: Event #1049
Recorded event in DynamoDB Local: Event #1050
Recorded event in DynamoDB Local: Event #1051
Recorded event in DynamoDB Local: Event #1052
Recorded event in DynamoDB Local: Event #1053
Recorded event in DynamoDB Local: Event #1054
Recorded event in DynamoDB Local: Event #1055
Recorded event in DynamoDB Local: Event #1056
Recorded event in DynamoDB Local: Event #1057
Recorded event in DynamoDB Local: Event #1058
Recorded event in DynamoDB Local: Event #1059
Recorded event in DynamoDB Local: Event #1060
Recorded event in DynamoDB Local: Event #1061
Recorded event in DynamoDB Local: Event #1062
Recorded event in DynamoDB Local: Event #1063
Recorded event in DynamoDB Local: Event #1064
Recorded event in DynamoDB Local: Event #1065
Recorded event in DynamoDB Local: Event #1066
Recorded event in DynamoDB Local: Event #1067
Recorded event in DynamoDB Local: Event #1068
Recorded event in DynamoDB Local: Event #1069
Recorded event in DynamoDB Local: Event #1070
Recorded event in DynamoDB Local: Event #1071
Recorded event in DynamoDB Local: Event #1072
Recorded event in DynamoDB Local: Event #1073
Recorded event in DynamoDB Local: Event #1074
Recorded event in DynamoDB Local: Event #1075
Recorded event in DynamoDB Local: Event #1076
Recorded event in DynamoDB Local: Event #1077
Recorded event in DynamoDB Local: Event #1078
Recorded event in DynamoDB Local: Event #1079
Recorded event in DynamoDB Local: Event #1080
Recorded event in DynamoDB Local: Event #1081
Recorded event in DynamoDB Local: Event #1082
Recorded event in DynamoDB Local: Event #1083
Recorded event in DynamoDB Local: Event #1084
Recorded event in DynamoDB Local: Event #1085
Recorded event in DynamoDB Local: Event #1086
Recorded event in DynamoDB Local: Event #1087
Recorded event in DynamoDB Local: Event #1088
Recorded event in DynamoDB Local: Event #1089
Recorded event in DynamoDB Local: Event #1090
Recorded event in DynamoDB Local: Event #1091
Recorded event in DynamoDB Local: Event #1092
Recorded event in DynamoDB Local: Event #1093
Recorded event in DynamoDB Local: Event #1094
Recorded event in DynamoDB Local: Event #1095
Recorded event in DynamoDB Local: Event #1096
Recorded event in DynamoDB Local: Event #1097
Recorded event in DynamoDB Local: Event #1098
Recorded event in DynamoDB Local: Event #1099
Recorded event in DynamoDB Local: Event #1100
Recorded event in DynamoDB Local: Event #1101
Recorded event in DynamoDB Local: Event #1102
Recorded event in DynamoDB Local: Event #1103
Recorded event in DynamoDB Local: Event #1104
Recorded event in DynamoDB Local: Event #1105
Recorded event in DynamoDB Local: Event #1106
Recorded event in DynamoDB Local: Event #1107
Recorded event in DynamoDB Local: Event #1108
Recorded event in DynamoDB Local: Event #1109
Recorded event in DynamoDB Local: Event #1110
Recorded event in DynamoDB Local: Event #1111
Recorded event in DynamoDB Local: Event #1112
Recorded event in DynamoDB Local: Event #1113
Recorded event in DynamoDB Local: Event #1114
Recorded event in DynamoDB Local: Event #1115
Recorded event in DynamoDB Local: Event #1116
Recorded event in DynamoDB Local: Event #1117
Recorded event in DynamoDB Local: Event #1118
Recorded event in DynamoDB Local: Event #1119
Recorded event in DynamoDB Local: Event #1120
Recorded event in DynamoDB Local: Event #1121
Recorded event in DynamoDB Local: Event #1122
Recorded event in DynamoDB Local: Event #1123
Recorded event in DynamoDB Local: Event #1124
Recorded event in DynamoDB Local: Event #1125
Recorded event in DynamoDB Local: Event #1126
Recorded event in DynamoDB Local: Event #1127
Recorded event in DynamoDB Local: Event #1128
Recorded event in DynamoDB Local: Event #1129
Recorded event in DynamoDB Local: Event #1130
Recorded event in DynamoDB Local: Event #1131
Recorded event in DynamoDB Local: Event #1132
Recorded event in DynamoDB Local: Event #1133
Recorded event in DynamoDB Local: Event #1134
Recorded event in DynamoDB Local: Event #1135
Recorded event in DynamoDB Local: Event #1136
Recorded event in DynamoDB Local: Event #1137
Recorded event in DynamoDB Local: Event #1138
Recorded event in DynamoDB Local: Event #1139
Recorded event in DynamoDB Local: Event #1140
Recorded event in DynamoDB Local: Event #1141
Recorded event in DynamoDB Local: Event #1142
Recorded event in DynamoDB Local: Event #1143
Recorded event in DynamoDB Local: Event #1144
Recorded event in DynamoDB Local: Event #1145
Recorded event in DynamoDB Local: Event #1146
Recorded event in DynamoDB Local: Event #1147
Recorded event in DynamoDB Local: Event #1148
Recorded event in DynamoDB Local: Event #1149
Recorded event in DynamoDB Local: Event #1150
Recorded event in DynamoDB Local: Event #1151
Recorded event in DynamoDB Local: Event #1152
Recorded event in DynamoDB Local: Event #1153
Recorded event in DynamoDB Local: Event #1154
Recorded event in DynamoDB Local: Event #1155
Recorded event in DynamoDB Local: Event #1156
Recorded event in DynamoDB Local: Event #1157
Recorded event in DynamoDB Local: Event #1158
Recorded event in DynamoDB Local: Event #1159
Recorded event in DynamoDB Local: Event #1160
Recorded event in DynamoDB Local: Event #1161
Recorded event in DynamoDB Local: Event #1162
Recorded event in DynamoDB Local: Event #1163
Recorded event in DynamoDB Local: Event #1164
Recorded event in DynamoDB Local: Event #1165
Recorded event in DynamoDB Local: Event #1166
Recorded event in DynamoDB Local: Event #1167
Recorded event in DynamoDB Local: Event #1168
Recorded event in DynamoDB Local: Event #1169
Recorded event in DynamoDB Local: Event #1170
Recorded event in DynamoDB Local: Event #1171
Recorded event in DynamoDB Local: Event #1172
Recorded event in DynamoDB Local: Event #1173
Recorded event in DynamoDB Local: Event #1174
Recorded event in DynamoDB Local: Event #1175
Recorded event in DynamoDB Local: Event #1176
Recorded event in DynamoDB Local: Event #1177
Recorded event in DynamoDB Local: Event #1178
Recorded event in DynamoDB Local: Event #1179
Recorded event in DynamoDB Local: Event #1180
Recorded event in DynamoDB Local: Event #1181
Recorded event in DynamoDB Local: Event #1182
Recorded event in DynamoDB Local: Event #1183
Recorded event in DynamoDB Local: Event #1184
Recorded event in DynamoDB Local: Event #1185
Recorded event in DynamoDB Local: Event #1186
Recorded event in DynamoDB Local: Event #1187
Recorded event in DynamoDB Local: Event #1188
Recorded event in DynamoDB Local: Event #1189
Recorded event in DynamoDB Local: Event #1190
Recorded event in DynamoDB Local: Event #1191
Recorded event in DynamoDB Local: Event #1192
Recorded event in DynamoDB Local: Event #1193
Recorded event in DynamoDB Local: Event #1194
Recorded event in DynamoDB Local: Event #1195
Recorded event in DynamoDB Local: Event #1196
Recorded event in DynamoDB Local: Event #1197
Recorded event in DynamoDB Local: Event #1198
Recorded event in DynamoDB Local: Event #1199
Recorded event in DynamoDB Local: Event #1200
Recorded event in DynamoDB Local: Event #1201
Recorded event in DynamoDB Local: Event #1202
Recorded event in DynamoDB Local: Event #1203
Recorded event in DynamoDB Local: Event #1204
Recorded event in DynamoDB Local: Event #1205
Recorded event in DynamoDB Local: Event #1206
Recorded event in DynamoDB Local: Event #1207
Recorded event in DynamoDB Local: Event #1208
Recorded event in DynamoDB Local: Event #1209
Recorded event in DynamoDB Local: Event #1210
Recorded event in DynamoDB Local: Event #1211
Recorded event in DynamoDB Local: Event #1212
Recorded event in DynamoDB Local: Event #1213
Recorded event in DynamoDB Local: Event #1214
Recorded event in DynamoDB Local: Event #1215
Recorded event in DynamoDB Local: Event #1216
Recorded event in DynamoDB Local: Event #1217
Recorded event in DynamoDB Local: Event #1218
Recorded event in DynamoDB Local: Event #1219
Recorded event in DynamoDB Local: Event #1220
Recorded event in DynamoDB Local: Event #1221
Recorded event in DynamoDB Local: Event #1222
Recorded event in DynamoDB Local: Event #1223
Recorded event in DynamoDB Local: Event #1224
Recorded event in DynamoDB Local: Event #1225
Recorded event in DynamoDB Local: Event #1226
Recorded event in DynamoDB Local: Event #1227
Recorded event in DynamoDB Local: Event #1228
Recorded event in DynamoDB Local: Event #1229
Recorded event in DynamoDB Local: Event #1230
Recorded event in DynamoDB Local: Event #1231
Recorded event in DynamoDB Local: Event #1232
Recorded event in DynamoDB Local: Event #1233
Recorded event in DynamoDB Local: Event #1234
Recorded event in DynamoDB Local: Event #1235
Recorded event in DynamoDB Local: Event #1236
Recorded event in DynamoDB Local: Event #1237
Recorded event in DynamoDB Local: Event #1238
Recorded event in DynamoDB Local: Event #1239
Recorded event in DynamoDB Local: Event #1240
Recorded event in DynamoDB Local: Event #1241
Recorded event in DynamoDB Local: Event #1242
Recorded event in DynamoDB Local: Event #1243
Recorded event in DynamoDB Local: Event #1244
Recorded event in DynamoDB Local: Event #1245
Recorded event in DynamoDB Local: Event #1246
Recorded event in DynamoDB Local: Event #1247
Recorded event in DynamoDB Local: Event #1248
Recorded event in DynamoDB Local: Event #1249
Recorded event in DynamoDB Local: Event #1250
Recorded event in DynamoDB Local: Event #1251
Recorded event in DynamoDB Local: Event #1252
Recorded event in DynamoDB Local: Event #1253
Recorded event in DynamoDB Local: Event #1254
Recorded event in DynamoDB Local: Event #1255
Recorded event in DynamoDB Local: Event #1256
Recorded event in DynamoDB Local: Event #1257
Recorded event in DynamoDB Local: Event #1258
Recorded event in DynamoDB Local: Event #1259
Recorded event in DynamoDB Local: Event #1260
Recorded event in DynamoDB Local: Event #1261
Recorded event in DynamoDB Local: Event #1262
Recorded event in DynamoDB Local: Event #1263
Recorded event in DynamoDB Local: Event #1264
Recorded event in DynamoDB Local: Event #1265
Recorded event in DynamoDB Local: Event #1266
Recorded event in DynamoDB Local: Event #1267
Recorded event in DynamoDB Local: Event #1268
Recorded event in DynamoDB Local: Event #1269
Recorded event in DynamoDB Local: Event #1270
Recorded event in DynamoDB Local: Event #1271
Recorded event in DynamoDB Local: Event #1272
Recorded event in DynamoDB Local: Event #1273
Recorded event in DynamoDB Local: Event #1274
Recorded event in DynamoDB Local: Event #1275
Recorded event in DynamoDB Local: Event #1276
Recorded event in DynamoDB Local: Event #1277
Recorded event in DynamoDB Local: Event #1278
Recorded event in DynamoDB Local: Event #1279
Recorded event in DynamoDB Local: Event #1280
Recorded event in DynamoDB Local: Event #1281
Recorded event in DynamoDB Local: Event #1282
Recorded event in DynamoDB Local: Event #1283
Recorded event in DynamoDB Local: Event #1284
Recorded event in DynamoDB Local: Event #1285
Recorded event in DynamoDB Local: Event #1286
Recorded event in DynamoDB Local: Event #1287
Recorded event in DynamoDB Local: Event #1288
Recorded event in DynamoDB Local: Event #1289
Recorded event in DynamoDB Local: Event #1290
Recorded event in DynamoDB Local: Event #1291
Recorded event in DynamoDB Local: Event #1292
Recorded event in DynamoDB Local: Event #1293
Recorded event in DynamoDB Local: Event #1294
Recorded event in DynamoDB Local: Event #1295
Recorded event in DynamoDB Local: Event #1296
Recorded event in DynamoDB Local: Event #1297
Recorded event in DynamoDB Local: Event #1298
Recorded event in DynamoDB Local: Event #1299
Recorded event in DynamoDB Local: Event #1300
Recorded event in DynamoDB Local: Event #1301
Recorded event in DynamoDB Local: Event #1302
Recorded event in DynamoDB Local: Event #1303
Recorded event in DynamoDB Local: Event #1304
Recorded event in DynamoDB Local: Event #1305
Recorded event in DynamoDB Local: Event #1306
Recorded event in DynamoDB Local: Event #1307
Recorded event in DynamoDB Local: Event #1308
Recorded event in DynamoDB Local: Event #1309
Recorded event in DynamoDB Local: Event #1310
Recorded event in DynamoDB Local: Event #1311
Recorded event in DynamoDB Local: Event #1312
Recorded event in DynamoDB Local: Event #1313
Recorded event in DynamoDB Local: Event #1314
Recorded event in DynamoDB Local: Event #1315
Recorded event in DynamoDB Local: Event #1316
Recorded event in DynamoDB Local: Event #1317
Recorded event in DynamoDB Local: Event #1318
Recorded event in DynamoDB Local: Event #1319
Recorded event in DynamoDB Local: Event #1320
Recorded event in DynamoDB Local: Event #1321
Recorded event in DynamoDB Local: Event #1322
Recorded event in DynamoDB Local: Event #1323
Recorded event in DynamoDB Local: Event #1324
Recorded event in DynamoDB Local: Event #1325
Recorded event in DynamoDB Local: Event #1326
Recorded event in DynamoDB Local: Event #1327
Recorded event in DynamoDB Local: Event #1328
Recorded event in DynamoDB Local: Event #1329
Recorded event in DynamoDB Local: Event #1330
Recorded event in DynamoDB Local: Event #1331
Recorded event in DynamoDB Local: Event #1332
Recorded event in DynamoDB Local: Event #1333
Recorded event in DynamoDB Local: Event #1334
Recorded event in DynamoDB Local: Event #1335
Recorded event in DynamoDB Local: Event #1336
Recorded event in DynamoDB Local: Event #1337
Recorded event in DynamoDB Local: Event #1338
Recorded event in DynamoDB Local: Event #1339
Recorded event in DynamoDB Local: Event #1340
Recorded event in DynamoDB Local: Event #1341
Recorded event in DynamoDB Local: Event #1342
Recorded event in DynamoDB Local: Event #1343
Recorded event in DynamoDB Local: Event #1344
Recorded event in DynamoDB Local: Event #1345
Recorded event in DynamoDB Local: Event #1346
Recorded event in DynamoDB Local: Event #1347
Recorded event in DynamoDB Local: Event #1348
Recorded event in DynamoDB Local: Event #1349
Recorded event in DynamoDB Local: Event #1350
Recorded event in DynamoDB Local: Event #1351
Recorded event in DynamoDB Local: Event #1352
Recorded event in DynamoDB Local: Event #1353
Recorded event in DynamoDB Local: Event #1354
Recorded event in DynamoDB Local: Event #1355
Recorded event in DynamoDB Local: Event #1356
Recorded event in DynamoDB Local: Event #1357
Recorded event in DynamoDB Local: Event #1358
Recorded event in DynamoDB Local: Event #1359
Recorded event in DynamoDB Local: Event #1360
Recorded event in DynamoDB Local: Event #1361
Recorded event in DynamoDB Local: Event #1362
Recorded event in DynamoDB Local: Event #1363
Recorded event in DynamoDB Local: Event #1364
Recorded event in DynamoDB Local: Event #1365
Recorded event in DynamoDB Local: Event #1366
Recorded event in DynamoDB Local: Event #1367
Recorded event in DynamoDB Local: Event #1368
Recorded event in DynamoDB Local: Event #1369
Recorded event in DynamoDB Local: Event #1370
Recorded event in DynamoDB Local: Event #1371
Recorded event in DynamoDB Local: Event #1372
Recorded event in DynamoDB Local: Event #1373
Recorded event in DynamoDB Local: Event #1374
Recorded event in DynamoDB Local: Event #1375
Recorded event in DynamoDB Local: Event #1376
Recorded event in DynamoDB Local: Event #1377
Recorded event in DynamoDB Local: Event #1378
Recorded event in DynamoDB Local: Event #1379
Recorded event in DynamoDB Local: Event #1380
Recorded event in DynamoDB Local: Event #1381
Recorded event in DynamoDB Local: Event #1382
Recorded event in DynamoDB Local: Event #1383
Recorded event in DynamoDB Local: Event #1384
Recorded event in DynamoDB Local: Event #1385
Recorded event in DynamoDB Local: Event #1386
Recorded event in DynamoDB Local: Event #1387
Recorded event in DynamoDB Local: Event #1388
Recorded event in DynamoDB Local: Event #1389
Recorded event in DynamoDB Local: Event #1390
Recorded event in DynamoDB Local: Event #1391
Recorded event in DynamoDB Local: Event #1392
Recorded event in DynamoDB Local: Event #1393
Recorded event in DynamoDB Local: Event #1394
Recorded event in DynamoDB Local: Event #1395
Recorded event in DynamoDB Local: Event #1396
Recorded event in DynamoDB Local: Event #1397
Recorded event in DynamoDB Local: Event #1398
Recorded event in DynamoDB Local: Event #1399
Recorded event in DynamoDB Local: Event #1400
Recorded event in DynamoDB Local: Event #1401
Recorded event in DynamoDB Local: Event #1402
Recorded event in DynamoDB Local: Event #1403
Recorded event in DynamoDB Local: Event #1404
Recorded event in DynamoDB Local: Event #1405
Recorded event in DynamoDB Local: Event #1406
Recorded event in DynamoDB Local: Event #1407
Recorded event in DynamoDB Local: Event #1408
Recorded event in DynamoDB Local: Event #1409
Recorded event in DynamoDB Local: Event #1410
Recorded event in DynamoDB Local: Event #1411
Recorded event in DynamoDB Local: Event #1412
Recorded event in DynamoDB Local: Event #1413
Recorded event in DynamoDB Local: Event #1414
Recorded event in DynamoDB Local: Event #1415
Recorded event in DynamoDB Local: Event #1416
Recorded event in DynamoDB Local: Event #1417
Recorded event in DynamoDB Local: Event #1418
Recorded event in DynamoDB Local: Event #1419
Recorded event in DynamoDB Local: Event #1420
Recorded event in DynamoDB Local: Event #1421
Recorded event in DynamoDB Local: Event #1422
Recorded event in DynamoDB Local: Event #1423
Recorded event in DynamoDB Local: Event #1424
Recorded event in DynamoDB Local: Event #1425
Recorded event in DynamoDB Local: Event #1426
Recorded event in DynamoDB Local: Event #1427
Recorded event in DynamoDB Local: Event #1428
Recorded event in DynamoDB Local: Event #1429
Recorded event in DynamoDB Local: Event #1430
Recorded event in DynamoDB Local: Event #1431
Recorded event in DynamoDB Local: Event #1432
Recorded event in DynamoDB Local: Event #1433
Recorded event in DynamoDB Local: Event #1434
Recorded event in DynamoDB Local: Event #1435
Recorded event in DynamoDB Local: Event #1436
Recorded event in DynamoDB Local: Event #1437
Recorded event in DynamoDB Local: Event #1438
Recorded event in DynamoDB Local: Event #1439
Recorded event in DynamoDB Local: Event #1440
Recorded event in DynamoDB Local: Event #1441
Recorded event in DynamoDB Local: Event #1442
Recorded event in DynamoDB Local: Event #1443
Recorded event in DynamoDB Local: Event #1444
Recorded event in DynamoDB Local: Event #1445
Recorded event in DynamoDB Local: Event #1446
Recorded event in DynamoDB Local: Event #1447
Recorded event in DynamoDB Local: Event #1448
Recorded event in DynamoDB Local: Event #1449
Recorded event in DynamoDB Local: Event #1450
Recorded event in DynamoDB Local: Event #1451
Recorded event in DynamoDB Local: Event #1452
Recorded event in DynamoDB Local: Event #1453
Recorded event in DynamoDB Local: Event #1454
Recorded event in DynamoDB Local: Event #1455
Recorded event in DynamoDB Local: Event #1456
Recorded event in DynamoDB Local: Event #1457
Recorded event in DynamoDB Local: Event #1458
Recorded event in DynamoDB Local: Event #1459
Recorded event in DynamoDB Local: Event #1460
Recorded event in DynamoDB Local: Event #1461
Recorded event in DynamoDB Local: Event #1462
Recorded event in DynamoDB Local: Event #1463
Recorded event in DynamoDB Local: Event #1464
Recorded event in DynamoDB Local: Event #1465
Recorded event in DynamoDB Local: Event #1466
Recorded event in DynamoDB Local: Event #1467
Recorded event in DynamoDB Local: Event #1468
Recorded event in DynamoDB Local: Event #1469
Recorded event in DynamoDB Local: Event #1470
Recorded event in DynamoDB Local: Event #1471
Recorded event in DynamoDB Local: Event #1472
Recorded event in DynamoDB Local: Event #1473
Recorded event in DynamoDB Local: Event #1474
Recorded event in DynamoDB Local: Event #1475
Recorded event in DynamoDB Local: Event #1476
Recorded event in DynamoDB Local: Event #1477
Recorded event in DynamoDB Local: Event #1478
Recorded event in DynamoDB Local: Event #1479
Recorded event in DynamoDB Local: Event #1480
Recorded event in DynamoDB Local: Event #1481
Recorded event in DynamoDB Local: Event #1482
Recorded event in DynamoDB Local: Event #1483
Recorded event in DynamoDB Local: Event #1484
Recorded event in DynamoDB Local: Event #1485
Recorded event in DynamoDB Local: Event #1486
Recorded event in DynamoDB Local: Event #1487
Recorded event in DynamoDB Local: Event #1488
Recorded event in DynamoDB Local: Event #1489
Recorded event in DynamoDB Local: Event #1490
Recorded event in DynamoDB Local: Event #1491
Recorded event in DynamoDB Local: Event #1492
Recorded event in DynamoDB Local: Event #1493
Recorded event in DynamoDB Local: Event #1494
Recorded event in DynamoDB Local: Event #1495
Recorded event in DynamoDB Local: Event #1496
Recorded event in DynamoDB Local: Event #1497
Recorded event in DynamoDB Local: Event #1498
Recorded event in DynamoDB Local: Event #1499
Recorded event in DynamoDB Local: Event #1500
Recorded event in DynamoDB Local: Event #1501
Recorded event in DynamoDB Local: Event #1502
Recorded event in DynamoDB Local: Event #1503
Recorded event in DynamoDB Local: Event #1504
Recorded event in DynamoDB Local: Event #1505
Recorded event in DynamoDB Local: Event #1506
Recorded event in DynamoDB Local: Event #1507
Recorded event in DynamoDB Local: Event #1508
Recorded event in DynamoDB Local: Event #1509
Recorded event in DynamoDB Local: Event #1510
Recorded event in DynamoDB Local: Event #1511
Recorded event in DynamoDB Local: Event #1512
Recorded event in DynamoDB Local: Event #1513
Recorded event in DynamoDB Local: Event #1514
Recorded event in DynamoDB Local: Event #1515
Recorded event in DynamoDB Local: Event #1516
Recorded event in DynamoDB Local: Event #1517
Recorded event in DynamoDB Local: Event #1518
Recorded event in DynamoDB Local: Event #1519
Recorded event in DynamoDB Local: Event #1520
Recorded event in DynamoDB Local: Event #1521
Recorded event in DynamoDB Local: Event #1522
Recorded event in DynamoDB Local: Event #1523
Recorded event in DynamoDB Local: Event #1524
Recorded event in DynamoDB Local: Event #1525
Recorded event in DynamoDB Local: Event #1526
Recorded event in DynamoDB Local: Event #1527
Recorded event in DynamoDB Local: Event #1528
Recorded event in DynamoDB Local: Event #1529
Recorded event in DynamoDB Local: Event #1530
Recorded event in DynamoDB Local: Event #1531
Recorded event in DynamoDB Local: Event #1532
Recorded event in DynamoDB Local: Event #1533
Recorded event in DynamoDB Local: Event #1534
Recorded event in DynamoDB Local: Event #1535
Recorded event in DynamoDB Local: Event #1536
Recorded event in DynamoDB Local: Event #1537
Recorded event in DynamoDB Local: Event #1538
Recorded event in DynamoDB Local: Event #1539
Recorded event in DynamoDB Local: Event #1540
Recorded event in DynamoDB Local: Event #1541
Recorded event in DynamoDB Local: Event #1542
Recorded event in DynamoDB Local: Event #1543
Recorded event in DynamoDB Local: Event #1544
Recorded event in DynamoDB Local: Event #1545
Recorded event in DynamoDB Local: Event #1546
Recorded event in DynamoDB Local: Event #1547
Recorded event in DynamoDB Local: Event #1548
Recorded event in DynamoDB Local: Event #1549
Recorded event in DynamoDB Local: Event #1550
Recorded event in DynamoDB Local: Event #1551
Recorded event in DynamoDB Local: Event #1552
Recorded event in DynamoDB Local: Event #1553
Recorded event in DynamoDB Local: Event #1554
Recorded event in DynamoDB Local: Event #1555
Recorded event in DynamoDB Local: Event #1556
Recorded event in DynamoDB Local: Event #1557
Recorded event in DynamoDB Local: Event #1558
Recorded event in DynamoDB Local: Event #1559
Recorded event in DynamoDB Local: Event #1560
Recorded event in DynamoDB Local: Event #1561
Recorded event in DynamoDB Local: Event #1562
Recorded event in DynamoDB Local: Event #1563
Recorded event in DynamoDB Local: Event #1564
Recorded event in DynamoDB Local: Event #1565
Recorded event in DynamoDB Local: Event #1566
Recorded event in DynamoDB Local: Event #1567
Recorded event in DynamoDB Local: Event #1568
Recorded event in DynamoDB Local: Event #1569
Recorded event in DynamoDB Local: Event #1570
Recorded event in DynamoDB Local: Event #1571
Recorded event in DynamoDB Local: Event #1572
Recorded event in DynamoDB Local: Event #1573
Recorded event in DynamoDB Local: Event #1574
Recorded event in DynamoDB Local: Event #1575
Recorded event in DynamoDB Local: Event #1576
Recorded event in DynamoDB Local: Event #1577
Recorded event in DynamoDB Local: Event #1578
Recorded event in DynamoDB Local: Event #1579
Recorded event in DynamoDB Local: Event #1580
Recorded event in DynamoDB Local: Event #1581
Recorded event in DynamoDB Local: Event #1582
Recorded event in DynamoDB Local: Event #1583
Recorded event in DynamoDB Local: Event #1584
Recorded event in DynamoDB Local: Event #1585
Recorded event in DynamoDB Local: Event #1586
Recorded event in DynamoDB Local: Event #1587
Recorded event in DynamoDB Local: Event #1588
Recorded event in DynamoDB Local: Event #1589
Recorded event in DynamoDB Local: Event #1590
Recorded event in DynamoDB Local: Event #1591
Recorded event in DynamoDB Local: Event #1592
Recorded event in DynamoDB Local: Event #1593
Recorded event in DynamoDB Local: Event #1594
Recorded event in DynamoDB Local: Event #1595
Recorded event in DynamoDB Local: Event #1596
Recorded event in DynamoDB Local: Event #1597
Recorded event in DynamoDB Local: Event #1598
Recorded event in DynamoDB Local: Event #1599
Recorded event in DynamoDB Local: Event #1600
Recorded event in DynamoDB Local: Event #1601
Recorded event in DynamoDB Local: Event #1602
Recorded event in DynamoDB Local: Event #1603
Recorded event in DynamoDB Local: Event #1604
Recorded event in DynamoDB Local: Event #1605
Recorded event in DynamoDB Local: Event #1606
Recorded event in DynamoDB Local: Event #1607
Recorded event in DynamoDB Local: Event #1608
Recorded event in DynamoDB Local: Event #1609
Recorded event in DynamoDB Local: Event #1610
Recorded event in DynamoDB Local: Event #1611
Recorded event in DynamoDB Local: Event #1612
Recorded event in DynamoDB Local: Event #1613
Recorded event in DynamoDB Local: Event #1614
Recorded event in DynamoDB Local: Event #1615
Recorded event in DynamoDB Local: Event #1616
Recorded event in DynamoDB Local: Event #1617
Recorded event in DynamoDB Local: Event #1618
Recorded event in DynamoDB Local: Event #1619
Recorded event in DynamoDB Local: Event #1620
Recorded event in DynamoDB Local: Event #1621
Recorded event in DynamoDB Local: Event #1622
Recorded event in DynamoDB Local: Event #1623
Recorded event in DynamoDB Local: Event #1624
Recorded event in DynamoDB Local: Event #1625
Recorded event in DynamoDB Local: Event #1626
Recorded event in DynamoDB Local: Event #1627
Recorded event in DynamoDB Local: Event #1628
Recorded event in DynamoDB Local: Event #1629
Recorded event in DynamoDB Local: Event #1630
Recorded event in DynamoDB Local: Event #1631
Recorded event in DynamoDB Local: Event #1632
Recorded event in DynamoDB Local: Event #1633
Recorded event in DynamoDB Local: Event #1634
Recorded event in DynamoDB Local: Event #1635
Recorded event in DynamoDB Local: Event #1636
Recorded event in DynamoDB Local: Event #1637
Recorded event in DynamoDB Local: Event #1638
Recorded event in DynamoDB Local: Event #1639
Recorded event in DynamoDB Local: Event #1640
Recorded event in DynamoDB Local: Event #1641
Recorded event in DynamoDB Local: Event #1642
Recorded event in DynamoDB Local: Event #1643
Recorded event in DynamoDB Local: Event #1644
Recorded event in DynamoDB Local: Event #1645
Recorded event in DynamoDB Local: Event #1646
Recorded event in DynamoDB Local: Event #1647
Recorded event in DynamoDB Local: Event #1648
Recorded event in DynamoDB Local: Event #1649
Recorded event in DynamoDB Local: Event #1650
Recorded event in DynamoDB Local: Event #1651
Recorded event in DynamoDB Local: Event #1652
Recorded event in DynamoDB Local: Event #1653
Recorded event in DynamoDB Local: Event #1654
Recorded event in DynamoDB Local: Event #1655
Recorded event in DynamoDB Local: Event #1656
Recorded event in DynamoDB Local: Event #1657
Recorded event in DynamoDB Local: Event #1658
Recorded event in DynamoDB Local: Event #1659
Recorded event in DynamoDB Local: Event #1660
Recorded event in DynamoDB Local: Event #1661
Recorded event in DynamoDB Local: Event #1662
Recorded event in DynamoDB Local: Event #1663
Recorded event in DynamoDB Local: Event #1664
[...]
Recorded event in DynamoDB Local: Event #9581
Recorded event in DynamoDB Local: Event #9582
Recorded event in DynamoDB Local: Event #9583
Recorded event in DynamoDB Local: Event #9584
Recorded event in DynamoDB Local: Event #9585
Recorded event in DynamoDB Local: Event #9586
Recorded event in DynamoDB Local: Event #9587
Recorded event in DynamoDB Local: Event #9588
Recorded event in DynamoDB Local: Event #9589
Recorded event in DynamoDB Local: Event #9590
Recorded event in DynamoDB Local: Event #9591
Recorded event in DynamoDB Local: Event #9592
Recorded event in DynamoDB Local: Event #9593
Recorded event in DynamoDB Local: Event #9594
Recorded event in DynamoDB Local: Event #9595
Recorded event in DynamoDB Local: Event #9596
Recorded event in DynamoDB Local: Event #9597
Recorded event in DynamoDB Local: Event #9598
Recorded event in DynamoDB Local: Event #9599
Recorded event in DynamoDB Local: Event #9600
Recorded event in DynamoDB Local: Event #9601
Recorded event in DynamoDB Local: Event #9602
Recorded event in DynamoDB Local: Event #9603
Recorded event in DynamoDB Local: Event #9604
Recorded event in DynamoDB Local: Event #9605
Recorded event in DynamoDB Local: Event #9606
Recorded event in DynamoDB Local: Event #9607
Recorded event in DynamoDB Local: Event #9608
Recorded event in DynamoDB Local: Event #9609
Recorded event in DynamoDB Local: Event #9610
Recorded event in DynamoDB Local: Event #9611
Recorded event in DynamoDB Local: Event #9612
Recorded event in DynamoDB Local: Event #9613
Recorded event in DynamoDB Local: Event #9614
Recorded event in DynamoDB Local: Event #9615
Recorded event in DynamoDB Local: Event #9616
Recorded event in DynamoDB Local: Event #9617
Recorded event in DynamoDB Local: Event #9618
Recorded event in DynamoDB Local: Event #9619
Recorded event in DynamoDB Local: Event #9620
Recorded event in DynamoDB Local: Event #9621
Recorded event in DynamoDB Local: Event #9622
Recorded event in DynamoDB Local: Event #9623
Recorded event in DynamoDB Local: Event #9624
Recorded event in DynamoDB Local: Event #9625
Recorded event in DynamoDB Local: Event #9626
Recorded event in DynamoDB Local: Event #9627
Recorded event in DynamoDB Local: Event #9628
Recorded event in DynamoDB Local: Event #9629
Recorded event in DynamoDB Local: Event #9630
Recorded event in DynamoDB Local: Event #9631
Recorded event in DynamoDB Local: Event #9632
Recorded event in DynamoDB Local: Event #9633
Recorded event in DynamoDB Local: Event #9634
Recorded event in DynamoDB Local: Event #9635
Recorded event in DynamoDB Local: Event #9636
Recorded event in DynamoDB Local: Event #9637
Recorded event in DynamoDB Local: Event #9638
Recorded event in DynamoDB Local: Event #9639
Recorded event in DynamoDB Local: Event #9640
Recorded event in DynamoDB Local: Event #9641
Recorded event in DynamoDB Local: Event #9642
Recorded event in DynamoDB Local: Event #9643
Recorded event in DynamoDB Local: Event #9644
Recorded event in DynamoDB Local: Event #9645
Recorded event in DynamoDB Local: Event #9646
Recorded event in DynamoDB Local: Event #9647
Recorded event in DynamoDB Local: Event #9648
Recorded event in DynamoDB Local: Event #9649
Recorded event in DynamoDB Local: Event #9650
Recorded event in DynamoDB Local: Event #9651
Recorded event in DynamoDB Local: Event #9652
Recorded event in DynamoDB Local: Event #9653
Recorded event in DynamoDB Local: Event #9654
Recorded event in DynamoDB Local: Event #9655
Recorded event in DynamoDB Local: Event #9656
Recorded event in DynamoDB Local: Event #9657
Recorded event in DynamoDB Local: Event #9658
Recorded event in DynamoDB Local: Event #9659
Recorded event in DynamoDB Local: Event #9660
Recorded event in DynamoDB Local: Event #9661
Recorded event in DynamoDB Local: Event #9662
Recorded event in DynamoDB Local: Event #9663
Recorded event in DynamoDB Local: Event #9664
Recorded event in DynamoDB Local: Event #9665
Recorded event in DynamoDB Local: Event #9666
Recorded event in DynamoDB Local: Event #9667
Recorded event in DynamoDB Local: Event #9668
Recorded event in DynamoDB Local: Event #9669
Recorded event in DynamoDB Local: Event #9670
Recorded event in DynamoDB Local: Event #9671
Recorded event in DynamoDB Local: Event #9672
Recorded event in DynamoDB Local: Event #9673
Recorded event in DynamoDB Local: Event #9674
Recorded event in DynamoDB Local: Event #9675
Recorded event in DynamoDB Local: Event #9676
Recorded event in DynamoDB Local: Event #9677
Recorded event in DynamoDB Local: Event #9678
Recorded event in DynamoDB Local: Event #9679
Recorded event in DynamoDB Local: Event #9680
Recorded event in DynamoDB Local: Event #9681
Recorded event in DynamoDB Local: Event #9682
Recorded event in DynamoDB Local: Event #9683
Recorded event in DynamoDB Local: Event #9684
Recorded event in DynamoDB Local: Event #9685
Recorded event in DynamoDB Local: Event #9686
Recorded event in DynamoDB Local: Event #9687
Recorded event in DynamoDB Local: Event #9688
Recorded event in DynamoDB Local: Event #9689
Recorded event in DynamoDB Local: Event #9690
Recorded event in DynamoDB Local: Event #9691
Recorded event in DynamoDB Local: Event #9692
Recorded event in DynamoDB Local: Event #9693
Recorded event in DynamoDB Local: Event #9694
Recorded event in DynamoDB Local: Event #9695
Recorded event in DynamoDB Local: Event #9696
Recorded event in DynamoDB Local: Event #9697
Recorded event in DynamoDB Local: Event #9698
Recorded event in DynamoDB Local: Event #9699
Recorded event in DynamoDB Local: Event #9700
Recorded event in DynamoDB Local: Event #9701
Recorded event in DynamoDB Local: Event #9702
Recorded event in DynamoDB Local: Event #9703
Recorded event in DynamoDB Local: Event #9704
Recorded event in DynamoDB Local: Event #9705
Recorded event in DynamoDB Local: Event #9706
Recorded event in DynamoDB Local: Event #9707
Recorded event in DynamoDB Local: Event #9708
Recorded event in DynamoDB Local: Event #9709
Recorded event in DynamoDB Local: Event #9710
Recorded event in DynamoDB Local: Event #9711
Recorded event in DynamoDB Local: Event #9712
Recorded event in DynamoDB Local: Event #9713
Recorded event in DynamoDB Local: Event #9714
Recorded event in DynamoDB Local: Event #9715
Recorded event in DynamoDB Local: Event #9716
Recorded event in DynamoDB Local: Event #9717
Recorded event in DynamoDB Local: Event #9718
Recorded event in DynamoDB Local: Event #9719
Recorded event in DynamoDB Local: Event #9720
Recorded event in DynamoDB Local: Event #9721
Recorded event in DynamoDB Local: Event #9722
Recorded event in DynamoDB Local: Event #9723
Recorded event in DynamoDB Local: Event #9724
Recorded event in DynamoDB Local: Event #9725
Recorded event in DynamoDB Local: Event #9726
Recorded event in DynamoDB Local: Event #9727
Recorded event in DynamoDB Local: Event #9728
Recorded event in DynamoDB Local: Event #9729
Recorded event in DynamoDB Local: Event #9730
Recorded event in DynamoDB Local: Event #9731
Recorded event in DynamoDB Local: Event #9732
Recorded event in DynamoDB Local: Event #9733
Recorded event in DynamoDB Local: Event #9734
Recorded event in DynamoDB Local: Event #9735
Recorded event in DynamoDB Local: Event #9736
Recorded event in DynamoDB Local: Event #9737
Recorded event in DynamoDB Local: Event #9738
Recorded event in DynamoDB Local: Event #9739
Recorded event in DynamoDB Local: Event #9740
Recorded event in DynamoDB Local: Event #9741
Recorded event in DynamoDB Local: Event #9742
Recorded event in DynamoDB Local: Event #9743
Recorded event in DynamoDB Local: Event #9744
Recorded event in DynamoDB Local: Event #9745
Recorded event in DynamoDB Local: Event #9746
Recorded event in DynamoDB Local: Event #9747
Recorded event in DynamoDB Local: Event #9748
Recorded event in DynamoDB Local: Event #9749
Recorded event in DynamoDB Local: Event #9750
Recorded event in DynamoDB Local: Event #9751
Recorded event in DynamoDB Local: Event #9752
Recorded event in DynamoDB Local: Event #9753
Recorded event in DynamoDB Local: Event #9754
Recorded event in DynamoDB Local: Event #9755
Recorded event in DynamoDB Local: Event #9756
Recorded event in DynamoDB Local: Event #9757
Recorded event in DynamoDB Local: Event #9758
Recorded event in DynamoDB Local: Event #9759
Recorded event in DynamoDB Local: Event #9760
Recorded event in DynamoDB Local: Event #9761
Recorded event in DynamoDB Local: Event #9762
Recorded event in DynamoDB Local: Event #9763
Recorded event in DynamoDB Local: Event #9764
Recorded event in DynamoDB Local: Event #9765
Recorded event in DynamoDB Local: Event #9766
Recorded event in DynamoDB Local: Event #9767
Recorded event in DynamoDB Local: Event #9768
Recorded event in DynamoDB Local: Event #9769
Recorded event in DynamoDB Local: Event #9770
Recorded event in DynamoDB Local: Event #9771
Recorded event in DynamoDB Local: Event #9772
Recorded event in DynamoDB Local: Event #9773
Recorded event in DynamoDB Local: Event #9774
Recorded event in DynamoDB Local: Event #9775
Recorded event in DynamoDB Local: Event #9776
Recorded event in DynamoDB Local: Event #9777
Recorded event in DynamoDB Local: Event #9778
Recorded event in DynamoDB Local: Event #9779
Recorded event in DynamoDB Local: Event #9780
Recorded event in DynamoDB Local: Event #9781
Recorded event in DynamoDB Local: Event #9782
Recorded event in DynamoDB Local: Event #9783
Recorded event in DynamoDB Local: Event #9784
Recorded event in DynamoDB Local: Event #9785
Recorded event in DynamoDB Local: Event #9786
Recorded event in DynamoDB Local: Event #9787
Recorded event in DynamoDB Local: Event #9788
Recorded event in DynamoDB Local: Event #9789
Recorded event in DynamoDB Local: Event #9790
Recorded event in DynamoDB Local: Event #9791
Recorded event in DynamoDB Local: Event #9792
Recorded event in DynamoDB Local: Event #9793
Recorded event in DynamoDB Local: Event #9794
Recorded event in DynamoDB Local: Event #9795
Recorded event in DynamoDB Local: Event #9796
Recorded event in DynamoDB Local: Event #9797
Recorded event in DynamoDB Local: Event #9798
Recorded event in DynamoDB Local: Event #9799
Recorded event in DynamoDB Local: Event #9800
Recorded event in DynamoDB Local: Event #9801
Recorded event in DynamoDB Local: Event #9802
Recorded event in DynamoDB Local: Event #9803
Recorded event in DynamoDB Local: Event #9804
Recorded event in DynamoDB Local: Event #9805
Recorded event in DynamoDB Local: Event #9806
Recorded event in DynamoDB Local: Event #9807
Recorded event in DynamoDB Local: Event #9808
Recorded event in DynamoDB Local: Event #9809
Recorded event in DynamoDB Local: Event #9810
Recorded event in DynamoDB Local: Event #9811
Recorded event in DynamoDB Local: Event #9812
Recorded event in DynamoDB Local: Event #9813
Recorded event in DynamoDB Local: Event #9814
Recorded event in DynamoDB Local: Event #9815
Recorded event in DynamoDB Local: Event #9816
Recorded event in DynamoDB Local: Event #9817
Recorded event in DynamoDB Local: Event #9818
Recorded event in DynamoDB Local: Event #9819
Recorded event in DynamoDB Local: Event #9820
Recorded event in DynamoDB Local: Event #9821
Recorded event in DynamoDB Local: Event #9822
Recorded event in DynamoDB Local: Event #9823
Recorded event in DynamoDB Local: Event #9824
Recorded event in DynamoDB Local: Event #9825
Recorded event in DynamoDB Local: Event #9826
Recorded event in DynamoDB Local: Event #9827
Recorded event in DynamoDB Local: Event #9828
Recorded event in DynamoDB Local: Event #9829
Recorded event in DynamoDB Local: Event #9830
Recorded event in DynamoDB Local: Event #9831
Recorded event in DynamoDB Local: Event #9832
Recorded event in DynamoDB Local: Event #9833
Recorded event in DynamoDB Local: Event #9834
Recorded event in DynamoDB Local: Event #9835
Recorded event in DynamoDB Local: Event #9836
Recorded event in DynamoDB Local: Event #9837
Recorded event in DynamoDB Local: Event #9838
Recorded event in DynamoDB Local: Event #9839
Recorded event in DynamoDB Local: Event #9840
Recorded event in DynamoDB Local: Event #9841
Recorded event in DynamoDB Local: Event #9842
Recorded event in DynamoDB Local: Event #9843
Recorded event in DynamoDB Local: Event #9844
Recorded event in DynamoDB Local: Event #9845
Recorded event in DynamoDB Local: Event #9846
Recorded event in DynamoDB Local: Event #9847
Recorded event in DynamoDB Local: Event #9848
Recorded event in DynamoDB Local: Event #9849
Recorded event in DynamoDB Local: Event #9850
Recorded event in DynamoDB Local: Event #9851
Recorded event in DynamoDB Local: Event #9852
Recorded event in DynamoDB Local: Event #9853
Recorded event in DynamoDB Local: Event #9854
Recorded event in DynamoDB Local: Event #9855
Recorded event in DynamoDB Local: Event #9856
Recorded event in DynamoDB Local: Event #9857
Recorded event in DynamoDB Local: Event #9858
Recorded event in DynamoDB Local: Event #9859
Recorded event in DynamoDB Local: Event #9860
Recorded event in DynamoDB Local: Event #9861
Recorded event in DynamoDB Local: Event #9862
Recorded event in DynamoDB Local: Event #9863
Recorded event in DynamoDB Local: Event #9864
Recorded event in DynamoDB Local: Event #9865
Recorded event in DynamoDB Local: Event #9866
Recorded event in DynamoDB Local: Event #9867
Recorded event in DynamoDB Local: Event #9868
Recorded event in DynamoDB Local: Event #9869
Recorded event in DynamoDB Local: Event #9870
Recorded event in DynamoDB Local: Event #9871
Recorded event in DynamoDB Local: Event #9872
Recorded event in DynamoDB Local: Event #9873
Recorded event in DynamoDB Local: Event #9874
Recorded event in DynamoDB Local: Event #9875
Recorded event in DynamoDB Local: Event #9876
Recorded event in DynamoDB Local: Event #9877
Recorded event in DynamoDB Local: Event #9878
Recorded event in DynamoDB Local: Event #9879
Recorded event in DynamoDB Local: Event #9880
Recorded event in DynamoDB Local: Event #9881
Recorded event in DynamoDB Local: Event #9882
Recorded event in DynamoDB Local: Event #9883
Recorded event in DynamoDB Local: Event #9884
Recorded event in DynamoDB Local: Event #9885
Recorded event in DynamoDB Local: Event #9886
Recorded event in DynamoDB Local: Event #9887
Recorded event in DynamoDB Local: Event #9888
Recorded event in DynamoDB Local: Event #9889
Recorded event in DynamoDB Local: Event #9890
Recorded event in DynamoDB Local: Event #9891
Recorded event in DynamoDB Local: Event #9892
Recorded event in DynamoDB Local: Event #9893
Recorded event in DynamoDB Local: Event #9894
Recorded event in DynamoDB Local: Event #9895
Recorded event in DynamoDB Local: Event #9896
Recorded event in DynamoDB Local: Event #9897
Recorded event in DynamoDB Local: Event #9898
Recorded event in DynamoDB Local: Event #9899
Recorded event in DynamoDB Local: Event #9900
Recorded event in DynamoDB Local: Event #9901
Recorded event in DynamoDB Local: Event #9902
Recorded event in DynamoDB Local: Event #9903
Recorded event in DynamoDB Local: Event #9904
Recorded event in DynamoDB Local: Event #9905
Recorded event in DynamoDB Local: Event #9906
Recorded event in DynamoDB Local: Event #9907
Recorded event in DynamoDB Local: Event #9908
Recorded event in DynamoDB Local: Event #9909
Recorded event in DynamoDB Local: Event #9910
Recorded event in DynamoDB Local: Event #9911
Recorded event in DynamoDB Local: Event #9912
Recorded event in DynamoDB Local: Event #9913
Recorded event in DynamoDB Local: Event #9914
Recorded event in DynamoDB Local: Event #9915
Recorded event in DynamoDB Local: Event #9916
Recorded event in DynamoDB Local: Event #9917
Recorded event in DynamoDB Local: Event #9918
Recorded event in DynamoDB Local: Event #9919
Recorded event in DynamoDB Local: Event #9920
Recorded event in DynamoDB Local: Event #9921
Recorded event in DynamoDB Local: Event #9922
Recorded event in DynamoDB Local: Event #9923
Recorded event in DynamoDB Local: Event #9924
Recorded event in DynamoDB Local: Event #9925
Recorded event in DynamoDB Local: Event #9926
Recorded event in DynamoDB Local: Event #9927
Recorded event in DynamoDB Local: Event #9928
Recorded event in DynamoDB Local: Event #9929
Recorded event in DynamoDB Local: Event #9930
Recorded event in DynamoDB Local: Event #9931
Recorded event in DynamoDB Local: Event #9932
Recorded event in DynamoDB Local: Event #9933
Recorded event in DynamoDB Local: Event #9934
Recorded event in DynamoDB Local: Event #9935
Recorded event in DynamoDB Local: Event #9936
Recorded event in DynamoDB Local: Event #9937
Recorded event in DynamoDB Local: Event #9938
Recorded event in DynamoDB Local: Event #9939
Recorded event in DynamoDB Local: Event #9940
Recorded event in DynamoDB Local: Event #9941
Recorded event in DynamoDB Local: Event #9942
Recorded event in DynamoDB Local: Event #9943
Recorded event in DynamoDB Local: Event #9944
Recorded event in DynamoDB Local: Event #9945
Recorded event in DynamoDB Local: Event #9946
Recorded event in DynamoDB Local: Event #9947
Recorded event in DynamoDB Local: Event #9948
Recorded event in DynamoDB Local: Event #9949
Recorded event in DynamoDB Local: Event #9950
Recorded event in DynamoDB Local: Event #9951
Recorded event in DynamoDB Local: Event #9952
Recorded event in DynamoDB Local: Event #9953
Recorded event in DynamoDB Local: Event #9954
Recorded event in DynamoDB Local: Event #9955
Recorded event in DynamoDB Local: Event #9956
Recorded event in DynamoDB Local: Event #9957
Recorded event in DynamoDB Local: Event #9958
Recorded event in DynamoDB Local: Event #9959
Recorded event in DynamoDB Local: Event #9960
Recorded event in DynamoDB Local: Event #9961
Recorded event in DynamoDB Local: Event #9962
Recorded event in DynamoDB Local: Event #9963
Recorded event in DynamoDB Local: Event #9964
Recorded event in DynamoDB Local: Event #9965
Recorded event in DynamoDB Local: Event #9966
Recorded event in DynamoDB Local: Event #9967
Recorded event in DynamoDB Local: Event #9968
Recorded event in DynamoDB Local: Event #9969
Recorded event in DynamoDB Local: Event #9970
Recorded event in DynamoDB Local: Event #9971
Recorded event in DynamoDB Local: Event #9972
Recorded event in DynamoDB Local: Event #9973
Recorded event in DynamoDB Local: Event #9974
Recorded event in DynamoDB Local: Event #9975
Recorded event in DynamoDB Local: Event #9976
Recorded event in DynamoDB Local: Event #9977
Recorded event in DynamoDB Local: Event #9978
Recorded event in DynamoDB Local: Event #9979
Recorded event in DynamoDB Local: Event #9980
Recorded event in DynamoDB Local: Event #9981
Recorded event in DynamoDB Local: Event #9982
Recorded event in DynamoDB Local: Event #9983
Recorded event in DynamoDB Local: Event #9984
Recorded event in DynamoDB Local: Event #9985
Recorded event in DynamoDB Local: Event #9986
Recorded event in DynamoDB Local: Event #9987
Recorded event in DynamoDB Local: Event #9988
Recorded event in DynamoDB Local: Event #9989
Recorded event in DynamoDB Local: Event #9990
Recorded event in DynamoDB Local: Event #9991
Recorded event in DynamoDB Local: Event #9992
Recorded event in DynamoDB Local: Event #9993
Recorded event in DynamoDB Local: Event #9994
Recorded event in DynamoDB Local: Event #9995
Recorded event in DynamoDB Local: Event #9996
Recorded event in DynamoDB Local: Event #9997
Recorded event in DynamoDB Local: Event #9998
Recorded event in DynamoDB Local: Event #9999
Processed 10000 events in 15051 ms (39864.46083316723 events/minute)
]]></system-out>
  </testcase>
  <testcase name="testAutoScaler" classname="com.auraflow.workerservice.service.WorkerServiceTests" time="0.0">
    <system-out><![CDATA[Scaling up worker instances...
Scaling down worker instances...
]]></system-out>
  </testcase>
  <testcase name="testMessageProcessing" classname="com.auraflow.workerservice.service.WorkerServiceTests" time="0.001"/>
  <testcase name="testErrorHandler" classname="com.auraflow.workerservice.service.WorkerServiceTests" time="0.002">
    <system-err><![CDATA[Error processing message: msg
Exception: fail
]]></system-err>
  </testcase>
</testsuite>