<?xml version="1.0" encoding="UTF-8"?>
<testsuite xmlns:xsi="http://www.w3.org/2001/XMLSchema-instance" xsi:noNamespaceSchemaLocation="https://maven.apache.org/surefire/maven-surefire-plugin/xsd/surefire-test-report-3.0.xsd" version="3.0" name="com.auraflow.workerservice.service.EventDrivenIntegrationTests" time="2.764" tests="2" errors="0" skipped="0" failures="0">
  <properties>
[...]
</properties>
  <testcase name="testEventSourcingManager" classname="com.auraflow.workerservice.service.EventDrivenIntegrationTests" time="0.571">
    <system-out><![CDATA[19:34:21.642 [main] DEBUG org.springframework.test.context.BootstrapUtils - Instantiating CacheAwareContextLoaderDelegate from class [org.springframework.test.context.cache.DefaultCacheAwareContextLoaderDelegate]
19:34:21.643 [main] DEBUG org.springframework.test.context.BootstrapUtils - Instantiating BootstrapContext using constructor [public org.springframework.test.context.support.DefaultBootstrapContext(java.lang.Class,org.springframework.test.context.CacheAwareContextLoaderDelegate)]
19:34:21.669 [main] DEBUG org.springframework.test.context.BootstrapUtils - Instantiating TestContextBootstrapper for test class [com.auraflow.workerservice.service.EventDrivenIntegrationTests] from class [org.springframework.boot.test.context.SpringBootTestContextBootstrapper]
19:34:21.680 [main] INFO org.springframework.boot.test.context.SpringBootTestContextBootstrapper - Neither @ContextConfiguration nor @ContextHierarchy found for test class [com.auraflow.workerservice.service.EventDrivenIntegrationTests], using SpringBootContextLoader
19:34:21.682 [main] DEBUG org.springframework.test.context.support.AbstractContextLoader - Did not detect default resource location for test class [com.auraflow.workerservice.service.EventDrivenIntegrationTests]: class path resource [com/auraflow/workerservice/service/EventDrivenIntegrationTests-context.xml] does not exist
19:34:21.683 [main] DEBUG org.springframework.test.context.support.AbstractContextLoader - Did not detect default resource location for test class [com.auraflow.workerservice.service.EventDrivenIntegrationTests]: class path resource [com/auraflow/workerservice/service/EventDrivenIntegrationTestsContext.groovy] does not exist
19:34:21.683 [main] INFO org.springframework.test.context.support.AbstractContextLoader - Could not detect default resource locations for test class [com.auraflow.workerservice.service.EventDrivenIntegrationTests]: no resource found for suffixes {-context.xml, Context.groovy}.
19:34:21.683 [main] INFO org.springframework.test.context.support.AnnotationConfigContextLoaderUtils - Could not detect default configuration classes for test class [com.auraflow.workerservice.service.EventDrivenIntegrationTests]: EventDrivenIntegrationTests does not declare any static, non-private, non-final, nested classes annotated with @Configuration.
19:34:21.712 [main] DEBUG org.springframework.test.context.support.ActiveProfilesUtils - Could not find an 'annotation declaring class' for annotation type [org.springframework.test.context.ActiveProfiles] and class [com.auraflow.workerservice.service.EventDrivenIntegrationTests]
19:34:21.759 [main] DEBUG org.springframework.context.annotation.ClassPathScanningCandidateComponentProvider - Identified candidate component class: file [C:\Users\Saksham Kapoor\Desktop\FAANG SWE\AuraFlow\worker-service\target\classes\com\auraflow\workerservice\WorkerServiceApplication.class]
19:34:21.759 [main] INFO org.springframework.boot.test.context.SpringBootTestContextBootstrapper - Found @SpringBootConfiguration com.auraflow.workerservice.WorkerServiceApplication for test class com.auraflow.workerservice.service.EventDrivenIntegrationTests
19:34:21.834 [main] DEBUG org.springframework.boot.test.context.SpringBootTestContextBootstrapper - @TestExecutionListeners is not present for class [com.auraflow.workerservice.service.EventDrivenIntegrationTests]: using defaults.
19:34:21.837 [main] INFO org.springframework.boot.test.context.SpringBootTestContextBootstrapper - Loaded default TestExecutionListener class names from location [META-INF/spring.factories]: [org.springframework.boot.test.mock.mockito.MockitoTestExecutionListener, org.springframework.boot.test.mock.mockito.ResetMocksTestExecutionListener, org.springframework.boot.test.autoconfigure.restdocs.RestDocsTestExecutionListener, org.springframework.boot.test.autoconfigure.web.client.MockRestServiceServerResetTestExecutionListener, org.springframework.boot.test.autoconfigure.web.servlet.MockMvcPrintOnlyOnFailureTestExecutionListener, org.springframework.boot.test.autoconfigure.web.servlet.WebDriverTestExecutionListener, org.springframework.boot.test.autoconfigure.webservices.client.MockWebServiceServerTestExecutionListener, org.springframework.test.context.web.ServletTestExecutionListener, org.springframework.test.context.support.DirtiesContextBeforeModesTestExecutionListener, org.springframework.test.context.event.ApplicationEventsTestExecutionListener, org.springframework.test.context.support.DependencyInjectionTestExecutionListener, org.springframework.test.context.support.DirtiesContextTestExecutionListener, org.springframework.test.context.transaction.TransactionalTestExecutionListener, org.springframework.test.context.jdbc.SqlScriptsTestExecutionListener, org.springframework.test.context.event.EventPublishingTestExecutionListener]
19:34:21.843 [main] DEBUG org.springframework.boot.test.context.SpringBootTestContextBootstrapper - Skipping candidate TestExecutionListener [org.springframework.test.context.transaction.TransactionalTestExecutionListener] due to a missing dependency. Specify custom listener classes or make the default listener classes and their required dependencies available. Offending class: [org/springframework/transaction/interceptor/TransactionAttributeSource]
19:34:21.843 [main] DEBUG org.springframework.boot.test.context.SpringBootTestContextBootstrapper - Skipping candidate TestExecutionListener [org.springframework.test.context.jdbc.SqlScriptsTestExecutionListener] due to a missing dependency. Specify custom listener classes or make the default listener classes and their required dependencies available. Offending class: [org/springframework/transaction/interceptor/TransactionAttribute]
19:34:21.843 [main] INFO org.springframework.boot.test.context.SpringBootTestContextBootstrapper - Using TestExecutionListeners: [org.springframework.test.context.web.ServletTestExecutionListener@2e1ef60, org.springframework.test.context.support.DirtiesContextBeforeModesTestExecutionListener@22356acd, org.springframework.test.context.event.ApplicationEventsTestExecutionListener@386f0da3, org.springframework.boot.test.mock.mockito.MockitoTestExecutionListener@39655d3e, org.springframework.boot.test.autoconfigure.SpringBootDependencyInjectionTestExecutionListener@34f22f9d, org.springframework.test.context.support.DirtiesContextTestExecutionListener@3d1848cc, org.springframework.test.context.event.EventPublishingTestExecutionListener@7dda48d9, org.springframework.boot.test.mock.mockito.ResetMocksTestExecutionListener@6e4566f1, org.springframework.boot.test.autoconfigure.restdocs.RestDocsTestExecutionListener@4b6e2263, org.springframework.boot.test.autoconfigure.web.client.MockRestServiceServerResetTestExecutionListener@344f4dea, org.springframework.boot.test.autoconfigure.web.servlet.MockMvcPrintOnlyOnFailureTestExecutionListener@1b7c473a, org.springframework.boot.test.autoconfigure.web.servlet.WebDriverTestExecutionListener@5e4bd84a, org.springframework.boot.test.autoconfigure.webservices.client.MockWebServiceServerTestExecutionListener@648c94da]
19:34:21.848 [main] DEBUG org.springframework.test.context.support.AbstractDirtiesContextTestExecutionListener - Before test class: context [DefaultTestContext@531f4093 testClass = EventDrivenIntegrationTests, testInstance = [null], testMethod = [null], testException = [null], mergedContextConfiguration = [WebMergedContextConfiguration@62ef27a8 testClass = EventDrivenIntegrationTests, locations = '{}', classes = '{class com.auraflow.workerservice.WorkerServiceApplication}', contextInitializerClasses = '[]', activeProfiles = '{}', propertySourceLocations = '{}', propertySourceProperties = '{org.springframework.boot.test.context.SpringBootTestContextBootstrapper=true}', contextCustomizers = set[org.springframework.boot.test.context.filter.ExcludeFilterContextCustomizer@2cf3d63b, org.springframework.boot.test.json.DuplicateJsonObjectContextCustomizerFactory$DuplicateJsonObjectContextCustomizer@74ea2410, org.springframework.boot.test.mock.mockito.MockitoContextCustomizer@0, org.springframework.boot.test.web.client.TestRestTemplateContextCustomizer@53045c6c, org.springframework.boot.test.autoconfigure.actuate.metrics.MetricsExportContextCustomizerFactory$DisableMetricExportContextCustomizer@7bba5817, org.springframework.boot.test.autoconfigure.properties.PropertyMappingContextCustomizer@0, org.springframework.boot.test.autoconfigure.web.servlet.WebDriverContextCustomizerFactory$Customizer@6caf0677, org.springframework.boot.test.context.SpringBootTestArgs@1, org.springframework.boot.test.context.SpringBootTestWebEnvironment@48a242ce], resourceBasePath = 'src/main/webapp', contextLoader = 'org.springframework.boot.test.context.SpringBootContextLoader', parent = [null]], attributes = map['org.springframework.test.context.web.ServletTestExecutionListener.activateListener' -> true]], class annotated with @DirtiesContext [false] with mode [null].

  .   ____          _            __ _ _
 /\\ / ___'_ __ _ _(_)_ __  __ _ \ \ \ \
( ( )\___ | '_ | '_| | '_ \/ _` | \ \ \ \
 \\/  ___)| |_)| | | | | || (_| |  ) ) ) )
  '  |____| .__|_| |_|_| |_\__, | / / / /
 =========|_|==============|___/=/_/_/_/
 :: Spring Boot ::               (v2.7.12)

2025-08-20 19:34:22.154  INFO 34812 --- [           main] c.a.w.s.EventDrivenIntegrationTests      : Starting EventDrivenIntegrationTests using Java 17.0.16 on LAPTOP-BQGPG62T with PID 34812 (started by SakshamKapoor in C:\Users\Saksham Kapoor\Desktop\FAANG SWE\AuraFlow\worker-service)
2025-08-20 19:34:22.154  INFO 34812 --- [           main] c.a.w.s.EventDrivenIntegrationTests      : The following 1 profile is active: "dev"
2025-08-20 19:34:23.754  INFO 34812 --- [           main] c.a.w.s.EventDrivenIntegrationTests      : Started EventDrivenIntegrationTests in 1.867 seconds (JVM running for 2.551)
Recorded event in DynamoDB Local: event1
]]></system-out>
  </testcase>
  <testcase name="testSagaManager" classname="com.auraflow.workerservice.service.EventDrivenIntegrationTests" time="0.003">
    <system-out><![CDATA[Starting saga for transaction: txn1
Compensating transaction: txn1
]]></system-out>
  </testcase>
</testsuite>